---------------------------------------------------------------
[ 2017-12-01T15:48:32+08:00 ] 127.0.0.1 127.0.0.1 GET /
[ info ] www.shengxian.com/ [运行时间：0.565032s][吞吐率：1.77req/s] [内存消耗：1,459.45kb] [文件加载：48]
[ info ] [ LANG ] D:\phpStudy\WWW\my\shengxian\thinkphp\lang\zh-cn.php
[ info ] [ ROUTE ] array (
  'type' => 'module',
  'module' => 
  array (
    0 => '',
    1 => NULL,
    2 => NULL,
  ),
)
[ info ] [ HEADER ] array (
  'accept-language' => 'zh-CN,zh;q=0.8',
  'accept-encoding' => 'gzip, deflate, sdch',
  'accept' => 'text/html,application/xhtml+xml,application/xml;q=0.9,image/webp,*/*;q=0.8',
  'user-agent' => 'Mozilla/5.0 (Windows NT 6.1; WOW64) AppleWebKit/537.36 (KHTML, like Gecko) Chrome/53.0.2785.104 Safari/537.36 Core/1.53.4295.400 QQBrowser/9.7.12661.400',
  'upgrade-insecure-requests' => '1',
  'connection' => 'close',
  'host' => 'www.shengxian.com',
)
[ info ] [ PARAM ] array (
)
[ info ] [ SESSION ] INIT array (
  'id' => '',
  'var_session_id' => '',
  'prefix' => 'think',
  'type' => '',
  'auto_start' => true,
)
[ info ] [ LOG ] INIT File
---------------------------------------------------------------
[ 2017-12-01T15:48:33+08:00 ] 127.0.0.1 127.0.0.1 GET /admin/users/login.html
[ info ] www.shengxian.com/admin/users/login.html [运行时间：0.091005s][吞吐率：10.99req/s] [内存消耗：1,378.28kb] [文件加载：46]
[ info ] [ LANG ] D:\phpStudy\WWW\my\shengxian\thinkphp\lang\zh-cn.php
[ info ] [ ROUTE ] array (
  'type' => 'module',
  'module' => 
  array (
    0 => 'admin',
    1 => 'users',
    2 => 'login',
  ),
)
[ info ] [ HEADER ] array (
  'cookie' => 'PHPSESSID=7rv3oehdumcjng40v9f8ju5b35',
  'accept-language' => 'zh-CN,zh;q=0.8',
  'accept-encoding' => 'gzip, deflate, sdch',
  'accept' => 'text/html,application/xhtml+xml,application/xml;q=0.9,image/webp,*/*;q=0.8',
  'user-agent' => 'Mozilla/5.0 (Windows NT 6.1; WOW64) AppleWebKit/537.36 (KHTML, like Gecko) Chrome/53.0.2785.104 Safari/537.36 Core/1.53.4295.400 QQBrowser/9.7.12661.400',
  'upgrade-insecure-requests' => '1',
  'connection' => 'close',
  'host' => 'www.shengxian.com',
)
[ info ] [ PARAM ] array (
  '/admin/users/login_html' => '',
)
[ info ] [ SESSION ] INIT array (
  'id' => '',
  'var_session_id' => '',
  'prefix' => 'think',
  'type' => '',
  'auto_start' => true,
)
[ info ] [ RUN ] app\admin\controller\Users->login[ D:\phpStudy\WWW\my\shengxian\application\admin\controller\Users.php ]
[ info ] [ VIEW ] D:\phpStudy\WWW\my\shengxian\public/../application/admin\view\users\login.html [ array (
) ]
[ info ] [ LOG ] INIT File
---------------------------------------------------------------
[ 2017-12-01T15:48:33+08:00 ] 127.0.0.1 127.0.0.1 GET /admin/users/doimg
[ info ] www.shengxian.com/admin/users/doimg [运行时间：0.409023s][吞吐率：2.44req/s] [内存消耗：1,393.74kb] [文件加载：46]
[ info ] [ LANG ] D:\phpStudy\WWW\my\shengxian\thinkphp\lang\zh-cn.php
[ info ] [ ROUTE ] array (
  'type' => 'module',
  'module' => 
  array (
    0 => 'admin',
    1 => 'users',
    2 => 'doimg',
  ),
)
[ info ] [ HEADER ] array (
  'cookie' => 'PHPSESSID=7rv3oehdumcjng40v9f8ju5b35',
  'accept-language' => 'zh-CN,zh;q=0.8',
  'accept-encoding' => 'gzip, deflate, sdch',
  'referer' => 'http://www.shengxian.com/admin/users/login.html',
  'accept' => 'image/webp,image/*,*/*;q=0.8',
  'user-agent' => 'Mozilla/5.0 (Windows NT 6.1; WOW64) AppleWebKit/537.36 (KHTML, like Gecko) Chrome/53.0.2785.104 Safari/537.36 Core/1.53.4295.400 QQBrowser/9.7.12661.400',
  'connection' => 'close',
  'host' => 'www.shengxian.com',
)
[ info ] [ PARAM ] array (
  '/admin/users/doimg' => '',
)
[ info ] [ SESSION ] INIT array (
  'id' => '',
  'var_session_id' => '',
  'prefix' => 'think',
  'type' => '',
  'auto_start' => true,
)
[ info ] [ RUN ] app\admin\controller\Users->doimg[ D:\phpStudy\WWW\my\shengxian\application\admin\controller\Users.php ]
[ info ] [ LOG ] INIT File
---------------------------------------------------------------
[ 2017-12-01T15:48:40+08:00 ] 127.0.0.1 127.0.0.1 POST /admin/users/login.html
[ info ] www.shengxian.com/admin/users/login.html [运行时间：0.524030s][吞吐率：1.91req/s] [内存消耗：2,047.15kb] [文件加载：57]
[ info ] [ LANG ] D:\phpStudy\WWW\my\shengxian\thinkphp\lang\zh-cn.php
[ info ] [ ROUTE ] array (
  'type' => 'module',
  'module' => 
  array (
    0 => 'admin',
    1 => 'users',
    2 => 'login',
  ),
)
[ info ] [ HEADER ] array (
  'cookie' => 'PHPSESSID=7rv3oehdumcjng40v9f8ju5b35',
  'accept-language' => 'zh-CN,zh;q=0.8',
  'accept-encoding' => 'gzip, deflate',
  'referer' => 'http://www.shengxian.com/admin/users/login.html',
  'accept' => 'text/html,application/xhtml+xml,application/xml;q=0.9,image/webp,*/*;q=0.8',
  'content-type' => 'application/x-www-form-urlencoded',
  'user-agent' => 'Mozilla/5.0 (Windows NT 6.1; WOW64) AppleWebKit/537.36 (KHTML, like Gecko) Chrome/53.0.2785.104 Safari/537.36 Core/1.53.4295.400 QQBrowser/9.7.12661.400',
  'upgrade-insecure-requests' => '1',
  'origin' => 'http://www.shengxian.com',
  'cache-control' => 'max-age=0',
  'content-length' => '36',
  'connection' => 'close',
  'host' => 'www.shengxian.com',
)
[ info ] [ PARAM ] array (
  '/admin/users/login_html' => '',
  'name' => 'admin',
  'password' => '123456',
  'code' => 'sfnm',
)
[ info ] [ SESSION ] INIT array (
  'id' => '',
  'var_session_id' => '',
  'prefix' => 'think',
  'type' => '',
  'auto_start' => true,
)
[ info ] [ RUN ] app\admin\controller\Users->login[ D:\phpStudy\WWW\my\shengxian\application\admin\controller\Users.php ]
[ info ] [ DB ] INIT mysql
[ info ] [ CACHE ] INIT File
[ info ] [ VIEW ] D:\phpStudy\WWW\my\shengxian\public/../application/admin\view/tips.html [ array (
  0 => 'code',
  1 => 'msg',
  2 => 'data',
  3 => 'url',
  4 => 'wait',
) ]
[ info ] [ LOG ] INIT File
[ sql ] [ DB ] CONNECT:[ UseTime:0.017001s ] mysql:dbname=shengxian;host=61.152.175.76;charset=utf8
[ sql ] [ SQL ] SHOW COLUMNS FROM `sx_admin` [ RunTime:0.012000s ]
[ sql ] [ SQL ] SELECT * FROM `sx_admin` WHERE  `username` = 'admin'  AND `password` = 'e10adc3949ba59abbe56e057f20f883e' LIMIT 1 [ RunTime:0.015001s ]
[ sql ] [ SQL ] UPDATE `sx_admin`  SET `login_time`='1512114519'  WHERE  `admin_id` = 1 [ RunTime:0.130007s ]
[ sql ] [ SQL ] SHOW COLUMNS FROM `sx_admin_log` [ RunTime:0.014001s ]
[ sql ] [ SQL ] INSERT INTO `sx_admin_log` (`admin_id` , `log_info` , `log_ip` , `log_url` , `log_time`) VALUES (1 , '登录' , '127.0.0.1' , 'http://www.shengxian.com/admin/users/login.html' , '1512114519') [ RunTime:0.086005s ]
---------------------------------------------------------------
[ 2017-12-01T15:48:41+08:00 ] 127.0.0.1 127.0.0.1 GET /admin/admin/index
[ info ] www.shengxian.com/admin/admin/index [运行时间：0.229013s][吞吐率：4.37req/s] [内存消耗：2,062.23kb] [文件加载：54]
[ info ] [ LANG ] D:\phpStudy\WWW\my\shengxian\thinkphp\lang\zh-cn.php
[ info ] [ ROUTE ] array (
  'type' => 'module',
  'module' => 
  array (
    0 => 'admin',
    1 => 'admin',
    2 => 'index',
  ),
)
[ info ] [ HEADER ] array (
  'cookie' => 'PHPSESSID=7rv3oehdumcjng40v9f8ju5b35',
  'accept-language' => 'zh-CN,zh;q=0.8',
  'accept-encoding' => 'gzip, deflate, sdch',
  'referer' => 'http://www.shengxian.com/admin/users/login.html',
  'accept' => 'text/html,application/xhtml+xml,application/xml;q=0.9,image/webp,*/*;q=0.8',
  'user-agent' => 'Mozilla/5.0 (Windows NT 6.1; WOW64) AppleWebKit/537.36 (KHTML, like Gecko) Chrome/53.0.2785.104 Safari/537.36 Core/1.53.4295.400 QQBrowser/9.7.12661.400',
  'upgrade-insecure-requests' => '1',
  'connection' => 'close',
  'host' => 'www.shengxian.com',
)
[ info ] [ PARAM ] array (
  '/admin/admin/index' => '',
)
[ info ] [ SESSION ] INIT array (
  'id' => '',
  'var_session_id' => '',
  'prefix' => 'think',
  'type' => '',
  'auto_start' => true,
)
[ info ] [ RUN ] app\admin\controller\Admin->index[ D:\phpStudy\WWW\my\shengxian\application\admin\controller\Admin.php ]
[ info ] [ DB ] INIT mysql
[ info ] [ VIEW ] D:\phpStudy\WWW\my\shengxian\public/../application/admin\view\admin\index.html [ array (
  0 => 'list',
) ]
[ info ] [ LOG ] INIT File
[ sql ] [ DB ] CONNECT:[ UseTime:0.025002s ] mysql:dbname=shengxian;host=61.152.175.76;charset=utf8
[ sql ] [ SQL ] SHOW COLUMNS FROM `sx_admin_left` [ RunTime:0.012001s ]
[ sql ] [ SQL ] SELECT * FROM `sx_admin_left` `a` INNER JOIN `sx_role_left` `b` ON `b`.`left_id`=`a`.`id` INNER JOIN `sx_admin_role` `c` ON `b`.`role_id`=`c`.`role_id` WHERE  (  pid = 0 and is_show = 1 and c.role_id = 1 ) ORDER BY sort asc [ RunTime:0.018001s ]
[ sql ] [ SQL ] SELECT * FROM `sx_admin_left` WHERE  (  pid = 1 and is_show = 1 ) [ RunTime:0.017001s ]
[ sql ] [ SQL ] SELECT * FROM `sx_admin_left` WHERE  (  pid = 4 and is_show = 1 ) [ RunTime:0.016001s ]
[ sql ] [ SQL ] SELECT * FROM `sx_admin_left` WHERE  (  pid = 6 and is_show = 1 ) [ RunTime:0.019001s ]
[ sql ] [ SQL ] SELECT * FROM `sx_admin_left` WHERE  (  pid = 9 and is_show = 1 ) [ RunTime:0.016001s ]
[ sql ] [ SQL ] SELECT * FROM `sx_admin_left` WHERE  (  pid = 13 and is_show = 1 ) [ RunTime:0.017001s ]
[ sql ] [ SQL ] SELECT * FROM `sx_admin_left` WHERE  (  pid = 16 and is_show = 1 ) [ RunTime:0.015001s ]
[ sql ] [ SQL ] SELECT * FROM `sx_admin_left` WHERE  (  pid = 19 and is_show = 1 ) [ RunTime:0.016001s ]
---------------------------------------------------------------
[ 2017-12-01T15:48:42+08:00 ] 127.0.0.1 127.0.0.1 GET /admin/admin/right.html
[ info ] www.shengxian.com/admin/admin/right.html [运行时间：0.349020s][吞吐率：2.87req/s] [内存消耗：2,019.59kb] [文件加载：53]
[ info ] [ LANG ] D:\phpStudy\WWW\my\shengxian\thinkphp\lang\zh-cn.php
[ info ] [ ROUTE ] array (
  'type' => 'module',
  'module' => 
  array (
    0 => 'admin',
    1 => 'admin',
    2 => 'right',
  ),
)
[ info ] [ HEADER ] array (
  'cookie' => 'PHPSESSID=7rv3oehdumcjng40v9f8ju5b35',
  'accept-language' => 'zh-CN,zh;q=0.8',
  'accept-encoding' => 'gzip, deflate, sdch',
  'referer' => 'http://www.shengxian.com/admin/admin/index',
  'accept' => 'text/html,application/xhtml+xml,application/xml;q=0.9,image/webp,*/*;q=0.8',
  'user-agent' => 'Mozilla/5.0 (Windows NT 6.1; WOW64) AppleWebKit/537.36 (KHTML, like Gecko) Chrome/53.0.2785.104 Safari/537.36 Core/1.53.4295.400 QQBrowser/9.7.12661.400',
  'upgrade-insecure-requests' => '1',
  'connection' => 'close',
  'host' => 'www.shengxian.com',
)
[ info ] [ PARAM ] array (
  '/admin/admin/right_html' => '',
)
[ info ] [ SESSION ] INIT array (
  'id' => '',
  'var_session_id' => '',
  'prefix' => 'think',
  'type' => '',
  'auto_start' => true,
)
[ info ] [ RUN ] app\admin\controller\Admin->right[ D:\phpStudy\WWW\my\shengxian\application\admin\controller\Admin.php ]
[ info ] [ DB ] INIT mysql
[ info ] [ VIEW ] D:\phpStudy\WWW\my\shengxian\public/../application/admin\view\admin\right.html [ array (
  0 => 'info',
) ]
[ info ] [ LOG ] INIT File
[ sql ] [ DB ] CONNECT:[ UseTime:0.016000s ] mysql:dbname=shengxian;host=61.152.175.76;charset=utf8
[ sql ] [ SQL ] select VERSION() as version [ RunTime:0.009000s ]
[ sql ] [ SQL ] SHOW COLUMNS FROM `sx_admin` [ RunTime:0.016001s ]
[ sql ] [ SQL ] SELECT * FROM `sx_admin` `a` INNER JOIN `sx_admin_role` `b` ON `a`.`role_id`=`b`.`role_id` WHERE  (  admin_id =1 ) LIMIT 1 [ RunTime:0.018001s ]
[ sql ] [ SQL ] SHOW COLUMNS FROM `sx_goods` [ RunTime:0.011001s ]
[ sql ] [ SQL ] SELECT COUNT(*) AS tp_count FROM `sx_goods` LIMIT 1 [ RunTime:0.010000s ]
[ sql ] [ SQL ] SHOW COLUMNS FROM `sx_order` [ RunTime:0.017001s ]
[ sql ] [ SQL ] SELECT COUNT(*) AS tp_count FROM `sx_order` LIMIT 1 [ RunTime:0.015001s ]
[ sql ] [ SQL ] SHOW COLUMNS FROM `sx_users` [ RunTime:0.017001s ]
[ sql ] [ SQL ] SELECT COUNT(*) AS tp_count FROM `sx_users` LIMIT 1 [ RunTime:0.014001s ]
[ sql ] [ SQL ] SELECT COUNT(*) AS tp_count FROM `sx_users` WHERE  (  add_time between '1512057600' and '1512114522' ) LIMIT 1 [ RunTime:0.016001s ]
[ sql ] [ SQL ] SELECT * FROM `sx_order` WHERE  (  order_status = 2 ) [ RunTime:0.021001s ]
[ sql ] [ SQL ] SELECT COUNT(*) AS tp_count FROM `sx_goods` WHERE  (  is_recommend = 1 ) LIMIT 1 [ RunTime:0.018001s ]
[ sql ] [ SQL ] SELECT COUNT(*) AS tp_count FROM `sx_order` WHERE  (  order_status = 2 ) LIMIT 1 [ RunTime:0.015001s ]
[ sql ] [ SQL ] SHOW COLUMNS FROM `sx_goods_category` [ RunTime:0.017001s ]
[ sql ] [ SQL ] SELECT COUNT(*) AS tp_count FROM `sx_goods_category` WHERE  (  is_show = 1 ) LIMIT 1 [ RunTime:0.014001s ]
---------------------------------------------------------------
[ 2017-12-01T15:48:43+08:00 ] 127.0.0.1 127.0.0.1 POST /admin/admin/tixing
[ info ] www.shengxian.com/admin/admin/tixing [运行时间：0.170010s][吞吐率：5.88req/s] [内存消耗：2,008.25kb] [文件加载：53]
[ info ] [ LANG ] D:\phpStudy\WWW\my\shengxian\thinkphp\lang\zh-cn.php
[ info ] [ ROUTE ] array (
  'type' => 'module',
  'module' => 
  array (
    0 => 'admin',
    1 => 'admin',
    2 => 'tixing',
  ),
)
[ info ] [ HEADER ] array (
  'cookie' => 'PHPSESSID=7rv3oehdumcjng40v9f8ju5b35',
  'accept-language' => 'zh-CN,zh;q=0.8',
  'accept-encoding' => 'gzip, deflate',
  'referer' => 'http://www.shengxian.com/admin/admin/index',
  'content-type' => 'application/x-www-form-urlencoded; charset=UTF-8',
  'user-agent' => 'Mozilla/5.0 (Windows NT 6.1; WOW64) AppleWebKit/537.36 (KHTML, like Gecko) Chrome/53.0.2785.104 Safari/537.36 Core/1.53.4295.400 QQBrowser/9.7.12661.400',
  'x-requested-with' => 'XMLHttpRequest',
  'origin' => 'http://www.shengxian.com',
  'accept' => '*/*',
  'content-length' => '10',
  'connection' => 'close',
  'host' => 'www.shengxian.com',
)
[ info ] [ PARAM ] array (
  '/admin/admin/tixing' => '',
  'admin_id' => '1',
)
[ info ] [ SESSION ] INIT array (
  'id' => '',
  'var_session_id' => '',
  'prefix' => 'think',
  'type' => '',
  'auto_start' => true,
)
[ info ] [ RUN ] app\admin\controller\Admin->tixing[ D:\phpStudy\WWW\my\shengxian\application\admin\controller\Admin.php ]
[ info ] [ DB ] INIT mysql
[ info ] [ LOG ] INIT File
[ sql ] [ DB ] CONNECT:[ UseTime:0.018001s ] mysql:dbname=shengxian;host=61.152.175.76;charset=utf8
[ sql ] [ SQL ] SHOW COLUMNS FROM `sx_goods_category` [ RunTime:0.012000s ]
[ sql ] [ SQL ] SELECT COUNT(*) AS tp_count FROM `sx_goods_category` WHERE  (  is_show = 1 ) LIMIT 1 [ RunTime:0.011001s ]
[ sql ] [ SQL ] SHOW COLUMNS FROM `sx_goods` [ RunTime:0.017001s ]
[ sql ] [ SQL ] SELECT COUNT(*) AS tp_count FROM `sx_goods` WHERE  (  is_recommend = 1 ) LIMIT 1 [ RunTime:0.017001s ]
[ sql ] [ SQL ] SHOW COLUMNS FROM `sx_order` [ RunTime:0.017001s ]
[ sql ] [ SQL ] SELECT COUNT(*) AS tp_count FROM `sx_order` WHERE  (  order_status = 2 ) LIMIT 1 [ RunTime:0.017001s ]
---------------------------------------------------------------
[ 2017-12-01T15:48:45+08:00 ] 127.0.0.1 127.0.0.1 GET /admin/Users/user_list.html
[ info ] www.shengxian.com/admin/Users/user_list.html [运行时间：0.179010s][吞吐率：5.59req/s] [内存消耗：2,119.61kb] [文件加载：57]
[ info ] [ LANG ] D:\phpStudy\WWW\my\shengxian\thinkphp\lang\zh-cn.php
[ info ] [ ROUTE ] array (
  'type' => 'module',
  'module' => 
  array (
    0 => 'admin',
    1 => 'Users',
    2 => 'user_list',
  ),
)
[ info ] [ HEADER ] array (
  'cookie' => 'PHPSESSID=7rv3oehdumcjng40v9f8ju5b35',
  'accept-language' => 'zh-CN,zh;q=0.8',
  'accept-encoding' => 'gzip, deflate, sdch',
  'referer' => 'http://www.shengxian.com/admin/admin/index',
  'accept' => 'text/html,application/xhtml+xml,application/xml;q=0.9,image/webp,*/*;q=0.8',
  'user-agent' => 'Mozilla/5.0 (Windows NT 6.1; WOW64) AppleWebKit/537.36 (KHTML, like Gecko) Chrome/53.0.2785.104 Safari/537.36 Core/1.53.4295.400 QQBrowser/9.7.12661.400',
  'upgrade-insecure-requests' => '1',
  'connection' => 'close',
  'host' => 'www.shengxian.com',
)
[ info ] [ PARAM ] array (
  '/admin/Users/user_list_html' => '',
)
[ info ] [ SESSION ] INIT array (
  'id' => '',
  'var_session_id' => '',
  'prefix' => 'think',
  'type' => '',
  'auto_start' => true,
)
[ info ] [ RUN ] app\admin\controller\Users->user_list[ D:\phpStudy\WWW\my\shengxian\application\admin\controller\Users.php ]
[ info ] [ DB ] INIT mysql
[ info ] [ VIEW ] D:\phpStudy\WWW\my\shengxian\public/../application/admin\view\users\user_list.html [ array (
  0 => 'page',
  1 => 'list',
) ]
[ info ] [ LOG ] INIT File
[ sql ] [ DB ] CONNECT:[ UseTime:0.017001s ] mysql:dbname=shengxian;host=61.152.175.76;charset=utf8
[ sql ] [ SQL ] SHOW COLUMNS FROM `sx_users` [ RunTime:0.011001s ]
[ sql ] [ SQL ] SELECT COUNT(*) AS tp_count FROM `sx_users` LIMIT 1 [ RunTime:0.011001s ]
[ sql ] [ SQL ] SELECT * FROM `sx_users` LIMIT 0,10 [ RunTime:0.013001s ]
---------------------------------------------------------------
[ 2017-12-01T15:48:45+08:00 ] 127.0.0.1 127.0.0.1 GET /static/uploads/20171121/cedd9c25b430deb046fd790a420f1927.png
[ info ] www.shengxian.com/static/uploads/20171121/cedd9c25b430deb046fd790a420f1927.png [运行时间：0.099006s][吞吐率：10.10req/s] [内存消耗：1,148.88kb] [文件加载：40]
[ info ] [ LANG ] D:\phpStudy\WWW\my\shengxian\thinkphp\lang\zh-cn.php
[ info ] [ ROUTE ] array (
  'type' => 'module',
  'module' => 
  array (
    0 => 'static',
    1 => 'uploads',
    2 => '20171121',
  ),
)
[ info ] [ HEADER ] array (
  'cookie' => 'PHPSESSID=7rv3oehdumcjng40v9f8ju5b35',
  'accept-language' => 'zh-CN,zh;q=0.8',
  'accept-encoding' => 'gzip, deflate, sdch',
  'referer' => 'http://www.shengxian.com/admin/Users/user_list.html',
  'accept' => 'image/webp,image/*,*/*;q=0.8',
  'user-agent' => 'Mozilla/5.0 (Windows NT 6.1; WOW64) AppleWebKit/537.36 (KHTML, like Gecko) Chrome/53.0.2785.104 Safari/537.36 Core/1.53.4295.400 QQBrowser/9.7.12661.400',
  'connection' => 'close',
  'host' => 'www.shengxian.com',
)
[ info ] [ PARAM ] array (
  '/static/uploads/20171121/cedd9c25b430deb046fd790a420f1927_png' => '',
)
[ info ] [ LOG ] INIT File
---------------------------------------------------------------
[ 2017-12-01T15:48:46+08:00 ] 127.0.0.1 127.0.0.1 GET /static/uploads/header/201711231132304483.png
[ info ] www.shengxian.com/static/uploads/header/201711231132304483.png [运行时间：0.023001s][吞吐率：43.48req/s] [内存消耗：1,148.81kb] [文件加载：40]
[ info ] [ LANG ] D:\phpStudy\WWW\my\shengxian\thinkphp\lang\zh-cn.php
[ info ] [ ROUTE ] array (
  'type' => 'module',
  'module' => 
  array (
    0 => 'static',
    1 => 'uploads',
    2 => 'header',
  ),
)
[ info ] [ HEADER ] array (
  'cookie' => 'PHPSESSID=7rv3oehdumcjng40v9f8ju5b35',
  'accept-language' => 'zh-CN,zh;q=0.8',
  'accept-encoding' => 'gzip, deflate, sdch',
  'referer' => 'http://www.shengxian.com/admin/Users/user_list.html',
  'accept' => 'image/webp,image/*,*/*;q=0.8',
  'user-agent' => 'Mozilla/5.0 (Windows NT 6.1; WOW64) AppleWebKit/537.36 (KHTML, like Gecko) Chrome/53.0.2785.104 Safari/537.36 Core/1.53.4295.400 QQBrowser/9.7.12661.400',
  'connection' => 'close',
  'host' => 'www.shengxian.com',
)
[ info ] [ PARAM ] array (
  '/static/uploads/header/201711231132304483_png' => '',
)
[ info ] [ LOG ] INIT File
---------------------------------------------------------------
[ 2017-12-01T15:48:47+08:00 ] 127.0.0.1 127.0.0.1 GET /admin/admin/admin_list.html
[ info ] www.shengxian.com/admin/admin/admin_list.html [运行时间：0.122007s][吞吐率：8.20req/s] [内存消耗：2,134.55kb] [文件加载：57]
[ info ] [ LANG ] D:\phpStudy\WWW\my\shengxian\thinkphp\lang\zh-cn.php
[ info ] [ ROUTE ] array (
  'type' => 'module',
  'module' => 
  array (
    0 => 'admin',
    1 => 'admin',
    2 => 'admin_list',
  ),
)
[ info ] [ HEADER ] array (
  'cookie' => 'PHPSESSID=7rv3oehdumcjng40v9f8ju5b35',
  'accept-language' => 'zh-CN,zh;q=0.8',
  'accept-encoding' => 'gzip, deflate, sdch',
  'referer' => 'http://www.shengxian.com/admin/admin/index',
  'accept' => 'text/html,application/xhtml+xml,application/xml;q=0.9,image/webp,*/*;q=0.8',
  'user-agent' => 'Mozilla/5.0 (Windows NT 6.1; WOW64) AppleWebKit/537.36 (KHTML, like Gecko) Chrome/53.0.2785.104 Safari/537.36 Core/1.53.4295.400 QQBrowser/9.7.12661.400',
  'upgrade-insecure-requests' => '1',
  'connection' => 'close',
  'host' => 'www.shengxian.com',
)
[ info ] [ PARAM ] array (
  '/admin/admin/admin_list_html' => '',
)
[ info ] [ SESSION ] INIT array (
  'id' => '',
  'var_session_id' => '',
  'prefix' => 'think',
  'type' => '',
  'auto_start' => true,
)
[ info ] [ RUN ] app\admin\controller\Admin->admin_list[ D:\phpStudy\WWW\my\shengxian\application\admin\controller\Admin.php ]
[ info ] [ DB ] INIT mysql
[ info ] [ VIEW ] D:\phpStudy\WWW\my\shengxian\public/../application/admin\view\admin\admin_list.html [ array (
  0 => 'page',
  1 => 'admin',
) ]
[ info ] [ LOG ] INIT File
[ sql ] [ DB ] CONNECT:[ UseTime:0.020001s ] mysql:dbname=shengxian;host=61.152.175.76;charset=utf8
[ sql ] [ SQL ] SHOW COLUMNS FROM `sx_admin` [ RunTime:0.012001s ]
[ sql ] [ SQL ] SELECT COUNT(*) AS tp_count FROM `sx_admin` `a` INNER JOIN `sx_admin_role` `b` ON `a`.`role_id`=`b`.`role_id` LIMIT 1 [ RunTime:0.012001s ]
[ sql ] [ SQL ] SELECT `a`.`admin_id`,`a`.`username`,`a`.`nickname`,`b`.`role_name`,`a`.`login_time` FROM `sx_admin` `a` INNER JOIN `sx_admin_role` `b` ON `a`.`role_id`=`b`.`role_id` LIMIT 0,10 [ RunTime:0.016001s ]
---------------------------------------------------------------
[ 2017-12-01T15:48:48+08:00 ] 127.0.0.1 127.0.0.1 GET /admin/admin/addedit_admin.html?admin_id=1
[ info ] www.shengxian.com/admin/admin/addedit_admin.html?admin_id=1 [运行时间：0.152009s][吞吐率：6.58req/s] [内存消耗：2,123.70kb] [文件加载：55]
[ info ] [ LANG ] D:\phpStudy\WWW\my\shengxian\thinkphp\lang\zh-cn.php
[ info ] [ ROUTE ] array (
  'type' => 'module',
  'module' => 
  array (
    0 => 'admin',
    1 => 'admin',
    2 => 'addedit_admin',
  ),
)
[ info ] [ HEADER ] array (
  'cookie' => 'PHPSESSID=7rv3oehdumcjng40v9f8ju5b35',
  'accept-language' => 'zh-CN,zh;q=0.8',
  'accept-encoding' => 'gzip, deflate, sdch',
  'referer' => 'http://www.shengxian.com/admin/admin/admin_list.html',
  'accept' => 'text/html,application/xhtml+xml,application/xml;q=0.9,image/webp,*/*;q=0.8',
  'user-agent' => 'Mozilla/5.0 (Windows NT 6.1; WOW64) AppleWebKit/537.36 (KHTML, like Gecko) Chrome/53.0.2785.104 Safari/537.36 Core/1.53.4295.400 QQBrowser/9.7.12661.400',
  'upgrade-insecure-requests' => '1',
  'connection' => 'close',
  'host' => 'www.shengxian.com',
)
[ info ] [ PARAM ] array (
  '/admin/admin/addedit_admin_html' => '',
  'admin_id' => '1',
)
[ info ] [ SESSION ] INIT array (
  'id' => '',
  'var_session_id' => '',
  'prefix' => 'think',
  'type' => '',
  'auto_start' => true,
)
[ info ] [ RUN ] app\admin\controller\Admin->addedit_admin[ D:\phpStudy\WWW\my\shengxian\application\admin\controller\Admin.php ]
[ info ] [ DB ] INIT mysql
[ info ] [ VIEW ] D:\phpStudy\WWW\my\shengxian\public/../application/admin\view\admin\addedit_admin.html [ array (
  0 => 'info',
  1 => 'role',
) ]
[ info ] [ LOG ] INIT File
[ sql ] [ DB ] CONNECT:[ UseTime:0.023001s ] mysql:dbname=shengxian;host=61.152.175.76;charset=utf8
[ sql ] [ SQL ] SHOW COLUMNS FROM `sx_admin_role` [ RunTime:0.011001s ]
[ sql ] [ SQL ] SELECT * FROM `sx_admin_role` [ RunTime:0.014001s ]
[ sql ] [ SQL ] SHOW COLUMNS FROM `sx_admin` [ RunTime:0.012000s ]
[ sql ] [ SQL ] SELECT * FROM `sx_admin` WHERE  `admin_id` = 1 LIMIT 1 [ RunTime:0.011001s ]
---------------------------------------------------------------
[ 2017-12-01T15:48:50+08:00 ] 127.0.0.1 127.0.0.1 GET /admin/admin/role_list.html
[ info ] www.shengxian.com/admin/admin/role_list.html [运行时间：0.108006s][吞吐率：9.26req/s] [内存消耗：2,036.34kb] [文件加载：54]
[ info ] [ LANG ] D:\phpStudy\WWW\my\shengxian\thinkphp\lang\zh-cn.php
[ info ] [ ROUTE ] array (
  'type' => 'module',
  'module' => 
  array (
    0 => 'admin',
    1 => 'admin',
    2 => 'role_list',
  ),
)
[ info ] [ HEADER ] array (
  'cookie' => 'PHPSESSID=7rv3oehdumcjng40v9f8ju5b35',
  'accept-language' => 'zh-CN,zh;q=0.8',
  'accept-encoding' => 'gzip, deflate, sdch',
  'referer' => 'http://www.shengxian.com/admin/admin/index',
  'accept' => 'text/html,application/xhtml+xml,application/xml;q=0.9,image/webp,*/*;q=0.8',
  'user-agent' => 'Mozilla/5.0 (Windows NT 6.1; WOW64) AppleWebKit/537.36 (KHTML, like Gecko) Chrome/53.0.2785.104 Safari/537.36 Core/1.53.4295.400 QQBrowser/9.7.12661.400',
  'upgrade-insecure-requests' => '1',
  'connection' => 'close',
  'host' => 'www.shengxian.com',
)
[ info ] [ PARAM ] array (
  '/admin/admin/role_list_html' => '',
)
[ info ] [ SESSION ] INIT array (
  'id' => '',
  'var_session_id' => '',
  'prefix' => 'think',
  'type' => '',
  'auto_start' => true,
)
[ info ] [ RUN ] app\admin\controller\Admin->role_list[ D:\phpStudy\WWW\my\shengxian\application\admin\controller\Admin.php ]
[ info ] [ DB ] INIT mysql
[ info ] [ VIEW ] D:\phpStudy\WWW\my\shengxian\public/../application/admin\view\admin\role_list.html [ array (
  0 => 'role',
) ]
[ info ] [ LOG ] INIT File
[ sql ] [ DB ] CONNECT:[ UseTime:0.019001s ] mysql:dbname=shengxian;host=61.152.175.76;charset=utf8
[ sql ] [ SQL ] SHOW COLUMNS FROM `sx_admin_role` [ RunTime:0.011001s ]
[ sql ] [ SQL ] SELECT * FROM `sx_admin_role` [ RunTime:0.018001s ]
---------------------------------------------------------------
[ 2017-12-01T15:48:52+08:00 ] 127.0.0.1 127.0.0.1 GET /admin/admin/role.html?id=1
[ info ] www.shengxian.com/admin/admin/role.html?id=1 [运行时间：0.316018s][吞吐率：3.16req/s] [内存消耗：2,143.86kb] [文件加载：55]
[ info ] [ LANG ] D:\phpStudy\WWW\my\shengxian\thinkphp\lang\zh-cn.php
[ info ] [ ROUTE ] array (
  'type' => 'module',
  'module' => 
  array (
    0 => 'admin',
    1 => 'admin',
    2 => 'role',
  ),
)
[ info ] [ HEADER ] array (
  'cookie' => 'PHPSESSID=7rv3oehdumcjng40v9f8ju5b35',
  'accept-language' => 'zh-CN,zh;q=0.8',
  'accept-encoding' => 'gzip, deflate, sdch',
  'referer' => 'http://www.shengxian.com/admin/admin/role_list.html',
  'accept' => 'text/html,application/xhtml+xml,application/xml;q=0.9,image/webp,*/*;q=0.8',
  'user-agent' => 'Mozilla/5.0 (Windows NT 6.1; WOW64) AppleWebKit/537.36 (KHTML, like Gecko) Chrome/53.0.2785.104 Safari/537.36 Core/1.53.4295.400 QQBrowser/9.7.12661.400',
  'upgrade-insecure-requests' => '1',
  'connection' => 'close',
  'host' => 'www.shengxian.com',
)
[ info ] [ PARAM ] array (
  '/admin/admin/role_html' => '',
  'id' => '1',
)
[ info ] [ SESSION ] INIT array (
  'id' => '',
  'var_session_id' => '',
  'prefix' => 'think',
  'type' => '',
  'auto_start' => true,
)
[ info ] [ RUN ] app\admin\controller\Admin->role[ D:\phpStudy\WWW\my\shengxian\application\admin\controller\Admin.php ]
[ info ] [ DB ] INIT mysql
[ info ] [ VIEW ] D:\phpStudy\WWW\my\shengxian\public/../application/admin\view\admin\role.html [ array (
  0 => 'role_id',
  1 => 'role_name',
  2 => 'left',
  3 => 'role',
) ]
[ info ] [ LOG ] INIT File
[ sql ] [ DB ] CONNECT:[ UseTime:0.022002s ] mysql:dbname=shengxian;host=61.152.175.76;charset=utf8
[ sql ] [ SQL ] SHOW COLUMNS FROM `sx_admin_role` [ RunTime:0.013000s ]
[ sql ] [ SQL ] SELECT * FROM `sx_admin_role` [ RunTime:0.016001s ]
[ sql ] [ SQL ] SHOW COLUMNS FROM `sx_admin_left` [ RunTime:0.019001s ]
[ sql ] [ SQL ] SELECT * FROM `sx_admin_left` WHERE  (  pid = 0 and is_show = 1 ) [ RunTime:0.018001s ]
[ sql ] [ SQL ] SELECT * FROM `sx_admin_left` WHERE  (  is_show = 1 and pid = 1 ) [ RunTime:0.018001s ]
[ sql ] [ SQL ] SELECT * FROM `sx_admin_left` WHERE  (  is_show = 1 and pid = 4 ) [ RunTime:0.017001s ]
[ sql ] [ SQL ] SELECT * FROM `sx_admin_left` WHERE  (  is_show = 1 and pid = 6 ) [ RunTime:0.020001s ]
[ sql ] [ SQL ] SELECT * FROM `sx_admin_left` WHERE  (  is_show = 1 and pid = 9 ) [ RunTime:0.019001s ]
[ sql ] [ SQL ] SELECT * FROM `sx_admin_left` WHERE  (  is_show = 1 and pid = 13 ) [ RunTime:0.018001s ]
[ sql ] [ SQL ] SELECT * FROM `sx_admin_left` WHERE  (  is_show = 1 and pid = 16 ) [ RunTime:0.015001s ]
[ sql ] [ SQL ] SELECT * FROM `sx_admin_left` WHERE  (  is_show = 1 and pid = 19 ) [ RunTime:0.016001s ]
[ sql ] [ SQL ] SELECT `a`.`id` FROM `sx_admin_left` `a` INNER JOIN `sx_role_left` `b` ON `b`.`left_id`=`a`.`id` INNER JOIN `sx_admin_role` `c` ON `b`.`role_id`=`c`.`role_id` WHERE  (  is_show = 1 and c.role_id = 1 ) [ RunTime:0.016001s ]
[ sql ] [ SQL ] SELECT * FROM `sx_admin_role` WHERE  `role_id` = 1 LIMIT 1 [ RunTime:0.015000s ]
