---------------------------------------------------------------
[ 2017-11-24T08:41:45+08:00 ] 127.0.0.1 127.0.0.1 GET /
[ info ] www.shengxian.com/ [运行时间：0.071004s][吞吐率：14.08req/s] [内存消耗：1,482.27kb] [文件加载：48]
[ info ] [ LANG ] D:\phpStudy\WWW\my\shengxian\thinkphp\lang\zh-cn.php
[ info ] [ ROUTE ] array (
  'type' => 'module',
  'module' => 
  array (
    0 => '',
    1 => NULL,
    2 => NULL,
  ),
)
[ info ] [ HEADER ] array (
  'accept-language' => 'zh-CN,zh;q=0.8',
  'accept-encoding' => 'gzip, deflate, sdch',
  'accept' => 'text/html,application/xhtml+xml,application/xml;q=0.9,image/webp,*/*;q=0.8',
  'user-agent' => 'Mozilla/5.0 (Windows NT 6.1; WOW64) AppleWebKit/537.36 (KHTML, like Gecko) Chrome/53.0.2785.104 Safari/537.36 Core/1.53.4295.400 QQBrowser/9.7.12661.400',
  'upgrade-insecure-requests' => '1',
  'connection' => 'close',
  'host' => 'www.shengxian.com',
)
[ info ] [ PARAM ] array (
)
[ info ] [ SESSION ] INIT array (
  'id' => '',
  'var_session_id' => '',
  'prefix' => 'think',
  'type' => '',
  'auto_start' => true,
)
[ info ] [ LOG ] INIT File
---------------------------------------------------------------
[ 2017-11-24T08:41:45+08:00 ] 127.0.0.1 127.0.0.1 GET /admin/users/login.html
[ info ] www.shengxian.com/admin/users/login.html [运行时间：0.088005s][吞吐率：11.36req/s] [内存消耗：1,413.38kb] [文件加载：46]
[ info ] [ LANG ] D:\phpStudy\WWW\my\shengxian\thinkphp\lang\zh-cn.php
[ info ] [ ROUTE ] array (
  'type' => 'module',
  'module' => 
  array (
    0 => 'admin',
    1 => 'users',
    2 => 'login',
  ),
)
[ info ] [ HEADER ] array (
  'cookie' => 'PHPSESSID=cv5jv1r243htin3ariht82q9r1',
  'accept-language' => 'zh-CN,zh;q=0.8',
  'accept-encoding' => 'gzip, deflate, sdch',
  'accept' => 'text/html,application/xhtml+xml,application/xml;q=0.9,image/webp,*/*;q=0.8',
  'user-agent' => 'Mozilla/5.0 (Windows NT 6.1; WOW64) AppleWebKit/537.36 (KHTML, like Gecko) Chrome/53.0.2785.104 Safari/537.36 Core/1.53.4295.400 QQBrowser/9.7.12661.400',
  'upgrade-insecure-requests' => '1',
  'connection' => 'close',
  'host' => 'www.shengxian.com',
)
[ info ] [ PARAM ] array (
  '/admin/users/login_html' => '',
)
[ info ] [ SESSION ] INIT array (
  'id' => '',
  'var_session_id' => '',
  'prefix' => 'think',
  'type' => '',
  'auto_start' => true,
)
[ info ] [ RUN ] app\admin\controller\Users->login[ D:\phpStudy\WWW\my\shengxian\application\admin\controller\Users.php ]
[ info ] [ VIEW ] D:\phpStudy\WWW\my\shengxian\public/../application/admin\view\users\login.html [ array (
) ]
[ info ] [ LOG ] INIT File
---------------------------------------------------------------
[ 2017-11-24T08:41:46+08:00 ] 127.0.0.1 127.0.0.1 GET /admin/users/doimg
[ info ] www.shengxian.com/admin/users/doimg [运行时间：0.444026s][吞吐率：2.25req/s] [内存消耗：1,423.47kb] [文件加载：46]
[ info ] [ LANG ] D:\phpStudy\WWW\my\shengxian\thinkphp\lang\zh-cn.php
[ info ] [ ROUTE ] array (
  'type' => 'module',
  'module' => 
  array (
    0 => 'admin',
    1 => 'users',
    2 => 'doimg',
  ),
)
[ info ] [ HEADER ] array (
  'cookie' => 'PHPSESSID=cv5jv1r243htin3ariht82q9r1',
  'accept-language' => 'zh-CN,zh;q=0.8',
  'accept-encoding' => 'gzip, deflate, sdch',
  'referer' => 'http://www.shengxian.com/admin/users/login.html',
  'accept' => 'image/webp,image/*,*/*;q=0.8',
  'user-agent' => 'Mozilla/5.0 (Windows NT 6.1; WOW64) AppleWebKit/537.36 (KHTML, like Gecko) Chrome/53.0.2785.104 Safari/537.36 Core/1.53.4295.400 QQBrowser/9.7.12661.400',
  'connection' => 'close',
  'host' => 'www.shengxian.com',
)
[ info ] [ PARAM ] array (
  '/admin/users/doimg' => '',
)
[ info ] [ SESSION ] INIT array (
  'id' => '',
  'var_session_id' => '',
  'prefix' => 'think',
  'type' => '',
  'auto_start' => true,
)
[ info ] [ RUN ] app\admin\controller\Users->doimg[ D:\phpStudy\WWW\my\shengxian\application\admin\controller\Users.php ]
[ info ] [ LOG ] INIT File
---------------------------------------------------------------
[ 2017-11-24T08:44:08+08:00 ] 127.0.0.1 127.0.0.1 POST /admin/users/login.html
[ info ] www.shengxian.com/admin/users/login.html [运行时间：0.405023s][吞吐率：2.47req/s] [内存消耗：2,071.90kb] [文件加载：57]
[ info ] [ LANG ] D:\phpStudy\WWW\my\shengxian\thinkphp\lang\zh-cn.php
[ info ] [ ROUTE ] array (
  'type' => 'module',
  'module' => 
  array (
    0 => 'admin',
    1 => 'users',
    2 => 'login',
  ),
)
[ info ] [ HEADER ] array (
  'cookie' => 'PHPSESSID=cv5jv1r243htin3ariht82q9r1',
  'accept-language' => 'zh-CN,zh;q=0.8',
  'accept-encoding' => 'gzip, deflate',
  'referer' => 'http://www.shengxian.com/admin/users/login.html',
  'accept' => 'text/html,application/xhtml+xml,application/xml;q=0.9,image/webp,*/*;q=0.8',
  'content-type' => 'application/x-www-form-urlencoded',
  'user-agent' => 'Mozilla/5.0 (Windows NT 6.1; WOW64) AppleWebKit/537.36 (KHTML, like Gecko) Chrome/53.0.2785.104 Safari/537.36 Core/1.53.4295.400 QQBrowser/9.7.12661.400',
  'upgrade-insecure-requests' => '1',
  'origin' => 'http://www.shengxian.com',
  'cache-control' => 'max-age=0',
  'content-length' => '36',
  'connection' => 'close',
  'host' => 'www.shengxian.com',
)
[ info ] [ PARAM ] array (
  '/admin/users/login_html' => '',
  'name' => 'admin',
  'password' => '123456',
  'code' => 'gprt',
)
[ info ] [ SESSION ] INIT array (
  'id' => '',
  'var_session_id' => '',
  'prefix' => 'think',
  'type' => '',
  'auto_start' => true,
)
[ info ] [ RUN ] app\admin\controller\Users->login[ D:\phpStudy\WWW\my\shengxian\application\admin\controller\Users.php ]
[ info ] [ DB ] INIT mysql
[ info ] [ CACHE ] INIT File
[ info ] [ VIEW ] D:\phpStudy\WWW\my\shengxian\public/../application/admin\view/tips.html [ array (
  0 => 'code',
  1 => 'msg',
  2 => 'data',
  3 => 'url',
  4 => 'wait',
) ]
[ info ] [ LOG ] INIT File
[ sql ] [ DB ] CONNECT:[ UseTime:0.020001s ] mysql:dbname=shengxian;host=61.152.175.76;charset=utf8
[ sql ] [ SQL ] SHOW COLUMNS FROM `sx_admin` [ RunTime:0.012001s ]
[ sql ] [ SQL ] SELECT * FROM `sx_admin` WHERE  `username` = 'admin'  AND `password` = 'e10adc3949ba59abbe56e057f20f883e' LIMIT 1 [ RunTime:0.016001s ]
[ sql ] [ SQL ] UPDATE `sx_admin`  SET `login_time`='1511484247'  WHERE  `admin_id` = 1 [ RunTime:0.157009s ]
[ sql ] [ SQL ] SHOW COLUMNS FROM `sx_admin_log` [ RunTime:0.017001s ]
[ sql ] [ SQL ] INSERT INTO `sx_admin_log` (`admin_id` , `log_info` , `log_ip` , `log_url` , `log_time`) VALUES (1 , '登录' , '127.0.0.1' , 'http://www.shengxian.com/admin/users/login.html' , '1511484248') [ RunTime:0.083005s ]
---------------------------------------------------------------
[ 2017-11-24T08:44:11+08:00 ] 127.0.0.1 127.0.0.1 GET /admin/admin/index
[ info ] www.shengxian.com/admin/admin/index [运行时间：0.203012s][吞吐率：4.93req/s] [内存消耗：2,133.48kb] [文件加载：54]
[ info ] [ LANG ] D:\phpStudy\WWW\my\shengxian\thinkphp\lang\zh-cn.php
[ info ] [ ROUTE ] array (
  'type' => 'module',
  'module' => 
  array (
    0 => 'admin',
    1 => 'admin',
    2 => 'index',
  ),
)
[ info ] [ HEADER ] array (
  'cookie' => 'PHPSESSID=cv5jv1r243htin3ariht82q9r1',
  'accept-language' => 'zh-CN,zh;q=0.8',
  'accept-encoding' => 'gzip, deflate, sdch',
  'referer' => 'http://www.shengxian.com/admin/users/login.html',
  'accept' => 'text/html,application/xhtml+xml,application/xml;q=0.9,image/webp,*/*;q=0.8',
  'user-agent' => 'Mozilla/5.0 (Windows NT 6.1; WOW64) AppleWebKit/537.36 (KHTML, like Gecko) Chrome/53.0.2785.104 Safari/537.36 Core/1.53.4295.400 QQBrowser/9.7.12661.400',
  'upgrade-insecure-requests' => '1',
  'connection' => 'close',
  'host' => 'www.shengxian.com',
)
[ info ] [ PARAM ] array (
  '/admin/admin/index' => '',
)
[ info ] [ SESSION ] INIT array (
  'id' => '',
  'var_session_id' => '',
  'prefix' => 'think',
  'type' => '',
  'auto_start' => true,
)
[ info ] [ RUN ] app\admin\controller\Admin->index[ D:\phpStudy\WWW\my\shengxian\application\admin\controller\Admin.php ]
[ info ] [ DB ] INIT mysql
[ info ] [ VIEW ] D:\phpStudy\WWW\my\shengxian\public/../application/admin\view\admin\index.html [ array (
  0 => 'list',
) ]
[ info ] [ LOG ] INIT File
[ sql ] [ DB ] CONNECT:[ UseTime:0.018001s ] mysql:dbname=shengxian;host=61.152.175.76;charset=utf8
[ sql ] [ SQL ] SHOW COLUMNS FROM `sx_admin_left` [ RunTime:0.012001s ]
[ sql ] [ SQL ] SELECT * FROM `sx_admin_left` `a` INNER JOIN `sx_role_left` `b` ON `b`.`left_id`=`a`.`id` INNER JOIN `sx_admin_role` `c` ON `b`.`role_id`=`c`.`role_id` WHERE  (  pid = 0 and is_show = 1 and c.role_id = 1 ) ORDER BY sort asc [ RunTime:0.017001s ]
[ sql ] [ SQL ] SELECT * FROM `sx_admin_left` WHERE  (  pid = 1 and is_show = 1 ) [ RunTime:0.016001s ]
[ sql ] [ SQL ] SELECT * FROM `sx_admin_left` WHERE  (  pid = 4 and is_show = 1 ) [ RunTime:0.018001s ]
[ sql ] [ SQL ] SELECT * FROM `sx_admin_left` WHERE  (  pid = 6 and is_show = 1 ) [ RunTime:0.017001s ]
[ sql ] [ SQL ] SELECT * FROM `sx_admin_left` WHERE  (  pid = 9 and is_show = 1 ) [ RunTime:0.017001s ]
[ sql ] [ SQL ] SELECT * FROM `sx_admin_left` WHERE  (  pid = 13 and is_show = 1 ) [ RunTime:0.016001s ]
[ sql ] [ SQL ] SELECT * FROM `sx_admin_left` WHERE  (  pid = 16 and is_show = 1 ) [ RunTime:0.016000s ]
[ sql ] [ SQL ] SELECT * FROM `sx_admin_left` WHERE  (  pid = 19 and is_show = 1 ) [ RunTime:0.016001s ]
---------------------------------------------------------------
[ 2017-11-24T08:44:11+08:00 ] 127.0.0.1 127.0.0.1 GET /admin/admin/right.html
[ info ] www.shengxian.com/admin/admin/right.html [运行时间：0.310018s][吞吐率：3.23req/s] [内存消耗：2,091.52kb] [文件加载：53]
[ info ] [ LANG ] D:\phpStudy\WWW\my\shengxian\thinkphp\lang\zh-cn.php
[ info ] [ ROUTE ] array (
  'type' => 'module',
  'module' => 
  array (
    0 => 'admin',
    1 => 'admin',
    2 => 'right',
  ),
)
[ info ] [ HEADER ] array (
  'cookie' => 'PHPSESSID=cv5jv1r243htin3ariht82q9r1',
  'accept-language' => 'zh-CN,zh;q=0.8',
  'accept-encoding' => 'gzip, deflate, sdch',
  'referer' => 'http://www.shengxian.com/admin/admin/index',
  'accept' => 'text/html,application/xhtml+xml,application/xml;q=0.9,image/webp,*/*;q=0.8',
  'user-agent' => 'Mozilla/5.0 (Windows NT 6.1; WOW64) AppleWebKit/537.36 (KHTML, like Gecko) Chrome/53.0.2785.104 Safari/537.36 Core/1.53.4295.400 QQBrowser/9.7.12661.400',
  'upgrade-insecure-requests' => '1',
  'connection' => 'close',
  'host' => 'www.shengxian.com',
)
[ info ] [ PARAM ] array (
  '/admin/admin/right_html' => '',
)
[ info ] [ SESSION ] INIT array (
  'id' => '',
  'var_session_id' => '',
  'prefix' => 'think',
  'type' => '',
  'auto_start' => true,
)
[ info ] [ RUN ] app\admin\controller\Admin->right[ D:\phpStudy\WWW\my\shengxian\application\admin\controller\Admin.php ]
[ info ] [ DB ] INIT mysql
[ info ] [ VIEW ] D:\phpStudy\WWW\my\shengxian\public/../application/admin\view\admin\right.html [ array (
  0 => 'info',
) ]
[ info ] [ LOG ] INIT File
[ sql ] [ DB ] CONNECT:[ UseTime:0.020002s ] mysql:dbname=shengxian;host=61.152.175.76;charset=utf8
[ sql ] [ SQL ] select VERSION() as version [ RunTime:0.010000s ]
[ sql ] [ SQL ] SHOW COLUMNS FROM `sx_admin` [ RunTime:0.021001s ]
[ sql ] [ SQL ] SELECT * FROM `sx_admin` `a` INNER JOIN `sx_admin_role` `b` ON `a`.`role_id`=`b`.`role_id` WHERE  (  admin_id =1 ) LIMIT 1 [ RunTime:0.018001s ]
[ sql ] [ SQL ] SHOW COLUMNS FROM `sx_goods` [ RunTime:0.018001s ]
[ sql ] [ SQL ] SELECT COUNT(*) AS tp_count FROM `sx_goods` LIMIT 1 [ RunTime:0.017001s ]
[ sql ] [ SQL ] SHOW COLUMNS FROM `sx_order` [ RunTime:0.019002s ]
[ sql ] [ SQL ] SELECT COUNT(*) AS tp_count FROM `sx_order` LIMIT 1 [ RunTime:0.016000s ]
[ sql ] [ SQL ] SHOW COLUMNS FROM `sx_users` [ RunTime:0.020002s ]
[ sql ] [ SQL ] SELECT COUNT(*) AS tp_count FROM `sx_users` LIMIT 1 [ RunTime:0.025001s ]
[ sql ] [ SQL ] SELECT COUNT(*) AS tp_count FROM `sx_users` WHERE  (  add_time between '1511452800' and '1511484251' ) LIMIT 1 [ RunTime:0.012001s ]
[ sql ] [ SQL ] SELECT * FROM `sx_order` WHERE  (  order_status = 2 ) [ RunTime:0.022001s ]
[ sql ] [ SQL ] SELECT COUNT(*) AS tp_count FROM `sx_goods` WHERE  (  is_recommend = 1 ) LIMIT 1 [ RunTime:0.013001s ]
[ sql ] [ SQL ] SELECT COUNT(*) AS tp_count FROM `sx_order` WHERE  (  order_status = 2 ) LIMIT 1 [ RunTime:0.012000s ]
[ sql ] [ SQL ] SHOW COLUMNS FROM `sx_goods_category` [ RunTime:0.013001s ]
[ sql ] [ SQL ] SELECT COUNT(*) AS tp_count FROM `sx_goods_category` WHERE  (  is_show = 1 ) LIMIT 1 [ RunTime:0.011001s ]
---------------------------------------------------------------
[ 2017-11-24T08:44:13+08:00 ] 127.0.0.1 127.0.0.1 POST /admin/admin/tixing
[ info ] www.shengxian.com/admin/admin/tixing [运行时间：0.157009s][吞吐率：6.37req/s] [内存消耗：2,011.09kb] [文件加载：53]
[ info ] [ LANG ] D:\phpStudy\WWW\my\shengxian\thinkphp\lang\zh-cn.php
[ info ] [ ROUTE ] array (
  'type' => 'module',
  'module' => 
  array (
    0 => 'admin',
    1 => 'admin',
    2 => 'tixing',
  ),
)
[ info ] [ HEADER ] array (
  'cookie' => 'PHPSESSID=cv5jv1r243htin3ariht82q9r1',
  'accept-language' => 'zh-CN,zh;q=0.8',
  'accept-encoding' => 'gzip, deflate',
  'referer' => 'http://www.shengxian.com/admin/admin/index',
  'content-type' => 'application/x-www-form-urlencoded; charset=UTF-8',
  'user-agent' => 'Mozilla/5.0 (Windows NT 6.1; WOW64) AppleWebKit/537.36 (KHTML, like Gecko) Chrome/53.0.2785.104 Safari/537.36 Core/1.53.4295.400 QQBrowser/9.7.12661.400',
  'x-requested-with' => 'XMLHttpRequest',
  'origin' => 'http://www.shengxian.com',
  'accept' => '*/*',
  'content-length' => '10',
  'connection' => 'close',
  'host' => 'www.shengxian.com',
)
[ info ] [ PARAM ] array (
  '/admin/admin/tixing' => '',
  'admin_id' => '1',
)
[ info ] [ SESSION ] INIT array (
  'id' => '',
  'var_session_id' => '',
  'prefix' => 'think',
  'type' => '',
  'auto_start' => true,
)
[ info ] [ RUN ] app\admin\controller\Admin->tixing[ D:\phpStudy\WWW\my\shengxian\application\admin\controller\Admin.php ]
[ info ] [ DB ] INIT mysql
[ info ] [ LOG ] INIT File
[ sql ] [ DB ] CONNECT:[ UseTime:0.019001s ] mysql:dbname=shengxian;host=61.152.175.76;charset=utf8
[ sql ] [ SQL ] SHOW COLUMNS FROM `sx_goods_category` [ RunTime:0.015001s ]
[ sql ] [ SQL ] SELECT COUNT(*) AS tp_count FROM `sx_goods_category` WHERE  (  is_show = 1 ) LIMIT 1 [ RunTime:0.020001s ]
[ sql ] [ SQL ] SHOW COLUMNS FROM `sx_goods` [ RunTime:0.017001s ]
[ sql ] [ SQL ] SELECT COUNT(*) AS tp_count FROM `sx_goods` WHERE  (  is_recommend = 1 ) LIMIT 1 [ RunTime:0.016001s ]
[ sql ] [ SQL ] SHOW COLUMNS FROM `sx_order` [ RunTime:0.017001s ]
[ sql ] [ SQL ] SELECT COUNT(*) AS tp_count FROM `sx_order` WHERE  (  order_status = 2 ) LIMIT 1 [ RunTime:0.018001s ]
---------------------------------------------------------------
[ 2017-11-24T08:47:26+08:00 ] 127.0.0.1 127.0.0.1 GET /admin/goods/goods_list.html
[ info ] www.shengxian.com/admin/goods/goods_list.html [运行时间：0.130007s][吞吐率：7.69req/s] [内存消耗：2,216.38kb] [文件加载：57]
[ info ] [ LANG ] D:\phpStudy\WWW\my\shengxian\thinkphp\lang\zh-cn.php
[ info ] [ ROUTE ] array (
  'type' => 'module',
  'module' => 
  array (
    0 => 'admin',
    1 => 'goods',
    2 => 'goods_list',
  ),
)
[ info ] [ HEADER ] array (
  'cookie' => 'PHPSESSID=cv5jv1r243htin3ariht82q9r1',
  'accept-language' => 'zh-CN,zh;q=0.8',
  'accept-encoding' => 'gzip, deflate, sdch',
  'referer' => 'http://www.shengxian.com/admin/admin/index',
  'accept' => 'text/html,application/xhtml+xml,application/xml;q=0.9,image/webp,*/*;q=0.8',
  'user-agent' => 'Mozilla/5.0 (Windows NT 6.1; WOW64) AppleWebKit/537.36 (KHTML, like Gecko) Chrome/53.0.2785.104 Safari/537.36 Core/1.53.4295.400 QQBrowser/9.7.12661.400',
  'upgrade-insecure-requests' => '1',
  'connection' => 'close',
  'host' => 'www.shengxian.com',
)
[ info ] [ PARAM ] array (
  '/admin/goods/goods_list_html' => '',
)
[ info ] [ SESSION ] INIT array (
  'id' => '',
  'var_session_id' => '',
  'prefix' => 'think',
  'type' => '',
  'auto_start' => true,
)
[ info ] [ RUN ] app\admin\controller\Goods->goods_list[ D:\phpStudy\WWW\my\shengxian\application\admin\controller\Goods.php ]
[ info ] [ DB ] INIT mysql
[ info ] [ VIEW ] D:\phpStudy\WWW\my\shengxian\public/../application/admin\view\goods\goods_list.html [ array (
  0 => 'page',
  1 => 'cat_list',
  2 => 'goods_list',
) ]
[ info ] [ LOG ] INIT File
[ sql ] [ DB ] CONNECT:[ UseTime:0.019001s ] mysql:dbname=shengxian;host=61.152.175.76;charset=utf8
[ sql ] [ SQL ] SHOW COLUMNS FROM `sx_goods_category` [ RunTime:0.011000s ]
[ sql ] [ SQL ] SELECT * FROM `sx_goods_category` [ RunTime:0.015001s ]
[ sql ] [ SQL ] SHOW COLUMNS FROM `sx_goods` [ RunTime:0.019001s ]
[ sql ] [ SQL ] SELECT COUNT(*) AS tp_count FROM `sx_goods` WHERE  (  1=1 ) LIMIT 1 [ RunTime:0.011001s ]
[ sql ] [ SQL ] SELECT * FROM `sx_goods` WHERE  (  1=1 ) LIMIT 0,10 [ RunTime:0.015001s ]
---------------------------------------------------------------
[ 2017-11-24T08:47:29+08:00 ] 127.0.0.1 127.0.0.1 GET /admin/admin/admin_list.html
[ info ] www.shengxian.com/admin/admin/admin_list.html [运行时间：0.112006s][吞吐率：8.93req/s] [内存消耗：2,311.66kb] [文件加载：59]
[ info ] [ LANG ] D:\phpStudy\WWW\my\shengxian\thinkphp\lang\zh-cn.php
[ info ] [ ROUTE ] array (
  'type' => 'module',
  'module' => 
  array (
    0 => 'admin',
    1 => 'admin',
    2 => 'admin_list',
  ),
)
[ info ] [ HEADER ] array (
  'cookie' => 'PHPSESSID=cv5jv1r243htin3ariht82q9r1',
  'accept-language' => 'zh-CN,zh;q=0.8',
  'accept-encoding' => 'gzip, deflate, sdch',
  'referer' => 'http://www.shengxian.com/admin/admin/index',
  'accept' => 'text/html,application/xhtml+xml,application/xml;q=0.9,image/webp,*/*;q=0.8',
  'user-agent' => 'Mozilla/5.0 (Windows NT 6.1; WOW64) AppleWebKit/537.36 (KHTML, like Gecko) Chrome/53.0.2785.104 Safari/537.36 Core/1.53.4295.400 QQBrowser/9.7.12661.400',
  'upgrade-insecure-requests' => '1',
  'connection' => 'close',
  'host' => 'www.shengxian.com',
)
[ info ] [ PARAM ] array (
  '/admin/admin/admin_list_html' => '',
)
[ info ] [ SESSION ] INIT array (
  'id' => '',
  'var_session_id' => '',
  'prefix' => 'think',
  'type' => '',
  'auto_start' => true,
)
[ info ] [ RUN ] app\admin\controller\Admin->admin_list[ D:\phpStudy\WWW\my\shengxian\application\admin\controller\Admin.php ]
[ info ] [ DB ] INIT mysql
[ info ] [ VIEW ] D:\phpStudy\WWW\my\shengxian\public/../application/admin\view\admin\admin_list.html [ array (
  0 => 'page',
  1 => 'admin',
) ]
[ info ] [ LOG ] INIT File
[ sql ] [ DB ] CONNECT:[ UseTime:0.017001s ] mysql:dbname=shengxian;host=61.152.175.76;charset=utf8
[ sql ] [ SQL ] SHOW COLUMNS FROM `sx_admin` [ RunTime:0.013001s ]
[ sql ] [ SQL ] SELECT COUNT(*) AS tp_count FROM `sx_admin` `a` INNER JOIN `sx_admin_role` `b` ON `a`.`role_id`=`b`.`role_id` LIMIT 1 [ RunTime:0.016001s ]
[ sql ] [ SQL ] SELECT `a`.`admin_id`,`a`.`username`,`a`.`nickname`,`b`.`role_name`,`a`.`login_time` FROM `sx_admin` `a` INNER JOIN `sx_admin_role` `b` ON `a`.`role_id`=`b`.`role_id` LIMIT 0,10 [ RunTime:0.016001s ]
---------------------------------------------------------------
[ 2017-11-24T08:47:34+08:00 ] 127.0.0.1 127.0.0.1 GET /admin/admin/role_list.html
[ info ] www.shengxian.com/admin/admin/role_list.html [运行时间：0.073004s][吞吐率：13.70req/s] [内存消耗：2,243.72kb] [文件加载：56]
[ info ] [ LANG ] D:\phpStudy\WWW\my\shengxian\thinkphp\lang\zh-cn.php
[ info ] [ ROUTE ] array (
  'type' => 'module',
  'module' => 
  array (
    0 => 'admin',
    1 => 'admin',
    2 => 'role_list',
  ),
)
[ info ] [ HEADER ] array (
  'cookie' => 'PHPSESSID=cv5jv1r243htin3ariht82q9r1',
  'accept-language' => 'zh-CN,zh;q=0.8',
  'accept-encoding' => 'gzip, deflate, sdch',
  'referer' => 'http://www.shengxian.com/admin/admin/index',
  'accept' => 'text/html,application/xhtml+xml,application/xml;q=0.9,image/webp,*/*;q=0.8',
  'user-agent' => 'Mozilla/5.0 (Windows NT 6.1; WOW64) AppleWebKit/537.36 (KHTML, like Gecko) Chrome/53.0.2785.104 Safari/537.36 Core/1.53.4295.400 QQBrowser/9.7.12661.400',
  'upgrade-insecure-requests' => '1',
  'connection' => 'close',
  'host' => 'www.shengxian.com',
)
[ info ] [ PARAM ] array (
  '/admin/admin/role_list_html' => '',
)
[ info ] [ SESSION ] INIT array (
  'id' => '',
  'var_session_id' => '',
  'prefix' => 'think',
  'type' => '',
  'auto_start' => true,
)
[ info ] [ RUN ] app\admin\controller\Admin->role_list[ D:\phpStudy\WWW\my\shengxian\application\admin\controller\Admin.php ]
[ info ] [ DB ] INIT mysql
[ info ] [ VIEW ] D:\phpStudy\WWW\my\shengxian\public/../application/admin\view\admin\role_list.html [ array (
  0 => 'role',
) ]
[ info ] [ LOG ] INIT File
[ sql ] [ DB ] CONNECT:[ UseTime:0.016001s ] mysql:dbname=shengxian;host=61.152.175.76;charset=utf8
[ sql ] [ SQL ] SHOW COLUMNS FROM `sx_admin_role` [ RunTime:0.010001s ]
[ sql ] [ SQL ] SELECT * FROM `sx_admin_role` [ RunTime:0.009000s ]
---------------------------------------------------------------
[ 2017-11-24T08:47:34+08:00 ] 127.0.0.1 127.0.0.1 GET /admin/admin/admin_list.html
[ info ] www.shengxian.com/admin/admin/admin_list.html [运行时间：0.097005s][吞吐率：10.31req/s] [内存消耗：2,186.23kb] [文件加载：57]
[ info ] [ LANG ] D:\phpStudy\WWW\my\shengxian\thinkphp\lang\zh-cn.php
[ info ] [ ROUTE ] array (
  'type' => 'module',
  'module' => 
  array (
    0 => 'admin',
    1 => 'admin',
    2 => 'admin_list',
  ),
)
[ info ] [ HEADER ] array (
  'cookie' => 'PHPSESSID=cv5jv1r243htin3ariht82q9r1',
  'accept-language' => 'zh-CN,zh;q=0.8',
  'accept-encoding' => 'gzip, deflate, sdch',
  'referer' => 'http://www.shengxian.com/admin/admin/index',
  'accept' => 'text/html,application/xhtml+xml,application/xml;q=0.9,image/webp,*/*;q=0.8',
  'user-agent' => 'Mozilla/5.0 (Windows NT 6.1; WOW64) AppleWebKit/537.36 (KHTML, like Gecko) Chrome/53.0.2785.104 Safari/537.36 Core/1.53.4295.400 QQBrowser/9.7.12661.400',
  'upgrade-insecure-requests' => '1',
  'connection' => 'close',
  'host' => 'www.shengxian.com',
)
[ info ] [ PARAM ] array (
  '/admin/admin/admin_list_html' => '',
)
[ info ] [ SESSION ] INIT array (
  'id' => '',
  'var_session_id' => '',
  'prefix' => 'think',
  'type' => '',
  'auto_start' => true,
)
[ info ] [ RUN ] app\admin\controller\Admin->admin_list[ D:\phpStudy\WWW\my\shengxian\application\admin\controller\Admin.php ]
[ info ] [ DB ] INIT mysql
[ info ] [ VIEW ] D:\phpStudy\WWW\my\shengxian\public/../application/admin\view\admin\admin_list.html [ array (
  0 => 'page',
  1 => 'admin',
) ]
[ info ] [ LOG ] INIT File
[ sql ] [ DB ] CONNECT:[ UseTime:0.015001s ] mysql:dbname=shengxian;host=61.152.175.76;charset=utf8
[ sql ] [ SQL ] SHOW COLUMNS FROM `sx_admin` [ RunTime:0.013001s ]
[ sql ] [ SQL ] SELECT COUNT(*) AS tp_count FROM `sx_admin` `a` INNER JOIN `sx_admin_role` `b` ON `a`.`role_id`=`b`.`role_id` LIMIT 1 [ RunTime:0.012001s ]
[ sql ] [ SQL ] SELECT `a`.`admin_id`,`a`.`username`,`a`.`nickname`,`b`.`role_name`,`a`.`login_time` FROM `sx_admin` `a` INNER JOIN `sx_admin_role` `b` ON `a`.`role_id`=`b`.`role_id` LIMIT 0,10 [ RunTime:0.012000s ]
---------------------------------------------------------------
[ 2017-11-24T08:47:36+08:00 ] 127.0.0.1 127.0.0.1 GET /admin/admin/role_list.html
[ info ] www.shengxian.com/admin/admin/role_list.html [运行时间：0.085005s][吞吐率：11.76req/s] [内存消耗：2,118.41kb] [文件加载：54]
[ info ] [ LANG ] D:\phpStudy\WWW\my\shengxian\thinkphp\lang\zh-cn.php
[ info ] [ ROUTE ] array (
  'type' => 'module',
  'module' => 
  array (
    0 => 'admin',
    1 => 'admin',
    2 => 'role_list',
  ),
)
[ info ] [ HEADER ] array (
  'cookie' => 'PHPSESSID=cv5jv1r243htin3ariht82q9r1',
  'accept-language' => 'zh-CN,zh;q=0.8',
  'accept-encoding' => 'gzip, deflate, sdch',
  'referer' => 'http://www.shengxian.com/admin/admin/index',
  'accept' => 'text/html,application/xhtml+xml,application/xml;q=0.9,image/webp,*/*;q=0.8',
  'user-agent' => 'Mozilla/5.0 (Windows NT 6.1; WOW64) AppleWebKit/537.36 (KHTML, like Gecko) Chrome/53.0.2785.104 Safari/537.36 Core/1.53.4295.400 QQBrowser/9.7.12661.400',
  'upgrade-insecure-requests' => '1',
  'connection' => 'close',
  'host' => 'www.shengxian.com',
)
[ info ] [ PARAM ] array (
  '/admin/admin/role_list_html' => '',
)
[ info ] [ SESSION ] INIT array (
  'id' => '',
  'var_session_id' => '',
  'prefix' => 'think',
  'type' => '',
  'auto_start' => true,
)
[ info ] [ RUN ] app\admin\controller\Admin->role_list[ D:\phpStudy\WWW\my\shengxian\application\admin\controller\Admin.php ]
[ info ] [ DB ] INIT mysql
[ info ] [ VIEW ] D:\phpStudy\WWW\my\shengxian\public/../application/admin\view\admin\role_list.html [ array (
  0 => 'role',
) ]
[ info ] [ LOG ] INIT File
[ sql ] [ DB ] CONNECT:[ UseTime:0.024001s ] mysql:dbname=shengxian;host=61.152.175.76;charset=utf8
[ sql ] [ SQL ] SHOW COLUMNS FROM `sx_admin_role` [ RunTime:0.011001s ]
[ sql ] [ SQL ] SELECT * FROM `sx_admin_role` [ RunTime:0.013000s ]
---------------------------------------------------------------
[ 2017-11-24T08:47:36+08:00 ] 127.0.0.1 127.0.0.1 GET /admin/admin/admin_list.html
[ info ] www.shengxian.com/admin/admin/admin_list.html [运行时间：0.093005s][吞吐率：10.75req/s] [内存消耗：2,186.23kb] [文件加载：57]
[ info ] [ LANG ] D:\phpStudy\WWW\my\shengxian\thinkphp\lang\zh-cn.php
[ info ] [ ROUTE ] array (
  'type' => 'module',
  'module' => 
  array (
    0 => 'admin',
    1 => 'admin',
    2 => 'admin_list',
  ),
)
[ info ] [ HEADER ] array (
  'cookie' => 'PHPSESSID=cv5jv1r243htin3ariht82q9r1',
  'accept-language' => 'zh-CN,zh;q=0.8',
  'accept-encoding' => 'gzip, deflate, sdch',
  'referer' => 'http://www.shengxian.com/admin/admin/index',
  'accept' => 'text/html,application/xhtml+xml,application/xml;q=0.9,image/webp,*/*;q=0.8',
  'user-agent' => 'Mozilla/5.0 (Windows NT 6.1; WOW64) AppleWebKit/537.36 (KHTML, like Gecko) Chrome/53.0.2785.104 Safari/537.36 Core/1.53.4295.400 QQBrowser/9.7.12661.400',
  'upgrade-insecure-requests' => '1',
  'connection' => 'close',
  'host' => 'www.shengxian.com',
)
[ info ] [ PARAM ] array (
  '/admin/admin/admin_list_html' => '',
)
[ info ] [ SESSION ] INIT array (
  'id' => '',
  'var_session_id' => '',
  'prefix' => 'think',
  'type' => '',
  'auto_start' => true,
)
[ info ] [ RUN ] app\admin\controller\Admin->admin_list[ D:\phpStudy\WWW\my\shengxian\application\admin\controller\Admin.php ]
[ info ] [ DB ] INIT mysql
[ info ] [ VIEW ] D:\phpStudy\WWW\my\shengxian\public/../application/admin\view\admin\admin_list.html [ array (
  0 => 'page',
  1 => 'admin',
) ]
[ info ] [ LOG ] INIT File
[ sql ] [ DB ] CONNECT:[ UseTime:0.017001s ] mysql:dbname=shengxian;host=61.152.175.76;charset=utf8
[ sql ] [ SQL ] SHOW COLUMNS FROM `sx_admin` [ RunTime:0.011001s ]
[ sql ] [ SQL ] SELECT COUNT(*) AS tp_count FROM `sx_admin` `a` INNER JOIN `sx_admin_role` `b` ON `a`.`role_id`=`b`.`role_id` LIMIT 1 [ RunTime:0.009000s ]
[ sql ] [ SQL ] SELECT `a`.`admin_id`,`a`.`username`,`a`.`nickname`,`b`.`role_name`,`a`.`login_time` FROM `sx_admin` `a` INNER JOIN `sx_admin_role` `b` ON `a`.`role_id`=`b`.`role_id` LIMIT 0,10 [ RunTime:0.012000s ]
---------------------------------------------------------------
[ 2017-11-24T08:47:37+08:00 ] 127.0.0.1 127.0.0.1 GET /admin/admin/role_list.html
[ info ] www.shengxian.com/admin/admin/role_list.html [运行时间：0.095005s][吞吐率：10.53req/s] [内存消耗：2,118.41kb] [文件加载：54]
[ info ] [ LANG ] D:\phpStudy\WWW\my\shengxian\thinkphp\lang\zh-cn.php
[ info ] [ ROUTE ] array (
  'type' => 'module',
  'module' => 
  array (
    0 => 'admin',
    1 => 'admin',
    2 => 'role_list',
  ),
)
[ info ] [ HEADER ] array (
  'cookie' => 'PHPSESSID=cv5jv1r243htin3ariht82q9r1',
  'accept-language' => 'zh-CN,zh;q=0.8',
  'accept-encoding' => 'gzip, deflate, sdch',
  'referer' => 'http://www.shengxian.com/admin/admin/index',
  'accept' => 'text/html,application/xhtml+xml,application/xml;q=0.9,image/webp,*/*;q=0.8',
  'user-agent' => 'Mozilla/5.0 (Windows NT 6.1; WOW64) AppleWebKit/537.36 (KHTML, like Gecko) Chrome/53.0.2785.104 Safari/537.36 Core/1.53.4295.400 QQBrowser/9.7.12661.400',
  'upgrade-insecure-requests' => '1',
  'connection' => 'close',
  'host' => 'www.shengxian.com',
)
[ info ] [ PARAM ] array (
  '/admin/admin/role_list_html' => '',
)
[ info ] [ SESSION ] INIT array (
  'id' => '',
  'var_session_id' => '',
  'prefix' => 'think',
  'type' => '',
  'auto_start' => true,
)
[ info ] [ RUN ] app\admin\controller\Admin->role_list[ D:\phpStudy\WWW\my\shengxian\application\admin\controller\Admin.php ]
[ info ] [ DB ] INIT mysql
[ info ] [ VIEW ] D:\phpStudy\WWW\my\shengxian\public/../application/admin\view\admin\role_list.html [ array (
  0 => 'role',
) ]
[ info ] [ LOG ] INIT File
[ sql ] [ DB ] CONNECT:[ UseTime:0.025001s ] mysql:dbname=shengxian;host=61.152.175.76;charset=utf8
[ sql ] [ SQL ] SHOW COLUMNS FROM `sx_admin_role` [ RunTime:0.015001s ]
[ sql ] [ SQL ] SELECT * FROM `sx_admin_role` [ RunTime:0.017001s ]
---------------------------------------------------------------
[ 2017-11-24T08:47:40+08:00 ] 127.0.0.1 127.0.0.1 GET /admin/application/website_conf.html
[ info ] www.shengxian.com/admin/application/website_conf.html [运行时间：0.111006s][吞吐率：9.01req/s] [内存消耗：2,170.07kb] [文件加载：55]
[ info ] [ LANG ] D:\phpStudy\WWW\my\shengxian\thinkphp\lang\zh-cn.php
[ info ] [ ROUTE ] array (
  'type' => 'module',
  'module' => 
  array (
    0 => 'admin',
    1 => 'application',
    2 => 'website_conf',
  ),
)
[ info ] [ HEADER ] array (
  'cookie' => 'PHPSESSID=cv5jv1r243htin3ariht82q9r1',
  'accept-language' => 'zh-CN,zh;q=0.8',
  'accept-encoding' => 'gzip, deflate, sdch',
  'referer' => 'http://www.shengxian.com/admin/admin/index',
  'accept' => 'text/html,application/xhtml+xml,application/xml;q=0.9,image/webp,*/*;q=0.8',
  'user-agent' => 'Mozilla/5.0 (Windows NT 6.1; WOW64) AppleWebKit/537.36 (KHTML, like Gecko) Chrome/53.0.2785.104 Safari/537.36 Core/1.53.4295.400 QQBrowser/9.7.12661.400',
  'upgrade-insecure-requests' => '1',
  'connection' => 'close',
  'host' => 'www.shengxian.com',
)
[ info ] [ PARAM ] array (
  '/admin/application/website_conf_html' => '',
)
[ info ] [ SESSION ] INIT array (
  'id' => '',
  'var_session_id' => '',
  'prefix' => 'think',
  'type' => '',
  'auto_start' => true,
)
[ info ] [ RUN ] app\admin\controller\Application->website_conf[ D:\phpStudy\WWW\my\shengxian\application\admin\controller\Application.php ]
[ info ] [ DB ] INIT mysql
[ info ] [ VIEW ] D:\phpStudy\WWW\my\shengxian\public/../application/admin\view\application\website_conf.html [ array (
  0 => 'conf',
) ]
[ info ] [ LOG ] INIT File
[ sql ] [ DB ] CONNECT:[ UseTime:0.017001s ] mysql:dbname=shengxian;host=61.152.175.76;charset=utf8
[ sql ] [ SQL ] SHOW COLUMNS FROM `sx_website_conf` [ RunTime:0.015001s ]
[ sql ] [ SQL ] SELECT * FROM `sx_website_conf` LIMIT 1 [ RunTime:0.014001s ]
---------------------------------------------------------------
[ 2017-11-24T08:47:40+08:00 ] 127.0.0.1 127.0.0.1 GET /static/uploads/20171026/a764d1e5eee629c78d08c7e54979f7c7.jpg
[ info ] www.shengxian.com/static/uploads/20171026/a764d1e5eee629c78d08c7e54979f7c7.jpg [运行时间：0.032001s][吞吐率：31.25req/s] [内存消耗：1,214.97kb] [文件加载：40]
[ info ] [ LANG ] D:\phpStudy\WWW\my\shengxian\thinkphp\lang\zh-cn.php
[ info ] [ ROUTE ] array (
  'type' => 'module',
  'module' => 
  array (
    0 => 'static',
    1 => 'uploads',
    2 => '20171026',
  ),
)
[ info ] [ HEADER ] array (
  'cookie' => 'PHPSESSID=cv5jv1r243htin3ariht82q9r1',
  'accept-language' => 'zh-CN,zh;q=0.8',
  'accept-encoding' => 'gzip, deflate, sdch',
  'referer' => 'http://www.shengxian.com/admin/application/website_conf.html',
  'accept' => 'image/webp,image/*,*/*;q=0.8',
  'user-agent' => 'Mozilla/5.0 (Windows NT 6.1; WOW64) AppleWebKit/537.36 (KHTML, like Gecko) Chrome/53.0.2785.104 Safari/537.36 Core/1.53.4295.400 QQBrowser/9.7.12661.400',
  'connection' => 'close',
  'host' => 'www.shengxian.com',
)
[ info ] [ PARAM ] array (
  '/static/uploads/20171026/a764d1e5eee629c78d08c7e54979f7c7_jpg' => '',
)
[ info ] [ LOG ] INIT File
---------------------------------------------------------------
[ 2017-11-24T08:47:43+08:00 ] 127.0.0.1 127.0.0.1 GET /admin/shipping/shipping_list.html
[ info ] www.shengxian.com/admin/shipping/shipping_list.html [运行时间：0.126008s][吞吐率：7.94req/s] [内存消耗：2,212.45kb] [文件加载：56]
[ info ] [ LANG ] D:\phpStudy\WWW\my\shengxian\thinkphp\lang\zh-cn.php
[ info ] [ ROUTE ] array (
  'type' => 'module',
  'module' => 
  array (
    0 => 'admin',
    1 => 'shipping',
    2 => 'shipping_list',
  ),
)
[ info ] [ HEADER ] array (
  'cookie' => 'PHPSESSID=cv5jv1r243htin3ariht82q9r1',
  'accept-language' => 'zh-CN,zh;q=0.8',
  'accept-encoding' => 'gzip, deflate, sdch',
  'referer' => 'http://www.shengxian.com/admin/admin/index',
  'accept' => 'text/html,application/xhtml+xml,application/xml;q=0.9,image/webp,*/*;q=0.8',
  'user-agent' => 'Mozilla/5.0 (Windows NT 6.1; WOW64) AppleWebKit/537.36 (KHTML, like Gecko) Chrome/53.0.2785.104 Safari/537.36 Core/1.53.4295.400 QQBrowser/9.7.12661.400',
  'upgrade-insecure-requests' => '1',
  'connection' => 'close',
  'host' => 'www.shengxian.com',
)
[ info ] [ PARAM ] array (
  '/admin/shipping/shipping_list_html' => '',
)
[ info ] [ SESSION ] INIT array (
  'id' => '',
  'var_session_id' => '',
  'prefix' => 'think',
  'type' => '',
  'auto_start' => true,
)
[ info ] [ RUN ] app\admin\controller\Shipping->shipping_list[ D:\phpStudy\WWW\my\shengxian\application\admin\controller\Shipping.php ]
[ info ] [ DB ] INIT mysql
[ info ] [ VIEW ] D:\phpStudy\WWW\my\shengxian\public/../application/admin\view\shipping\shipping_list.html [ array (
  0 => 'shipping_list',
) ]
[ info ] [ LOG ] INIT File
[ sql ] [ DB ] CONNECT:[ UseTime:0.018001s ] mysql:dbname=shengxian;host=61.152.175.76;charset=utf8
[ sql ] [ SQL ] SHOW COLUMNS FROM `sx_shipping` [ RunTime:0.011000s ]
[ sql ] [ SQL ] SELECT * FROM `sx_shipping` [ RunTime:0.018001s ]
---------------------------------------------------------------
[ 2017-11-24T08:47:44+08:00 ] 127.0.0.1 127.0.0.1 GET /admin/shipping/shipping_area.html
[ info ] www.shengxian.com/admin/shipping/shipping_area.html [运行时间：0.227013s][吞吐率：4.41req/s] [内存消耗：2,171.47kb] [文件加载：55]
[ info ] [ LANG ] D:\phpStudy\WWW\my\shengxian\thinkphp\lang\zh-cn.php
[ info ] [ ROUTE ] array (
  'type' => 'module',
  'module' => 
  array (
    0 => 'admin',
    1 => 'shipping',
    2 => 'shipping_area',
  ),
)
[ info ] [ HEADER ] array (
  'cookie' => 'PHPSESSID=cv5jv1r243htin3ariht82q9r1',
  'accept-language' => 'zh-CN,zh;q=0.8',
  'accept-encoding' => 'gzip, deflate, sdch',
  'referer' => 'http://www.shengxian.com/admin/admin/index',
  'accept' => 'text/html,application/xhtml+xml,application/xml;q=0.9,image/webp,*/*;q=0.8',
  'user-agent' => 'Mozilla/5.0 (Windows NT 6.1; WOW64) AppleWebKit/537.36 (KHTML, like Gecko) Chrome/53.0.2785.104 Safari/537.36 Core/1.53.4295.400 QQBrowser/9.7.12661.400',
  'upgrade-insecure-requests' => '1',
  'connection' => 'close',
  'host' => 'www.shengxian.com',
)
[ info ] [ PARAM ] array (
  '/admin/shipping/shipping_area_html' => '',
)
[ info ] [ SESSION ] INIT array (
  'id' => '',
  'var_session_id' => '',
  'prefix' => 'think',
  'type' => '',
  'auto_start' => true,
)
[ info ] [ RUN ] app\admin\controller\Shipping->shipping_area[ D:\phpStudy\WWW\my\shengxian\application\admin\controller\Shipping.php ]
[ info ] [ DB ] INIT mysql
[ info ] [ VIEW ] D:\phpStudy\WWW\my\shengxian\public/../application/admin\view\shipping\shipping_area.html [ array (
  0 => 'province',
) ]
[ info ] [ LOG ] INIT File
[ sql ] [ DB ] CONNECT:[ UseTime:0.016001s ] mysql:dbname=shengxian;host=61.152.175.76;charset=utf8
[ sql ] [ SQL ] SHOW COLUMNS FROM `sx_china` [ RunTime:0.013000s ]
[ sql ] [ SQL ] SELECT * FROM `sx_china` [ RunTime:0.053004s ]
[ sql ] [ SQL ] SELECT * FROM `sx_china` WHERE  (  pid = 0 ) [ RunTime:0.014000s ]
---------------------------------------------------------------
[ 2017-11-24T08:47:49+08:00 ] 127.0.0.1 127.0.0.1 GET /admin/banner/banner_list.html
[ info ] www.shengxian.com/admin/banner/banner_list.html [运行时间：0.105006s][吞吐率：9.52req/s] [内存消耗：2,213.53kb] [文件加载：56]
[ info ] [ LANG ] D:\phpStudy\WWW\my\shengxian\thinkphp\lang\zh-cn.php
[ info ] [ ROUTE ] array (
  'type' => 'module',
  'module' => 
  array (
    0 => 'admin',
    1 => 'banner',
    2 => 'banner_list',
  ),
)
[ info ] [ HEADER ] array (
  'cookie' => 'PHPSESSID=cv5jv1r243htin3ariht82q9r1',
  'accept-language' => 'zh-CN,zh;q=0.8',
  'accept-encoding' => 'gzip, deflate, sdch',
  'referer' => 'http://www.shengxian.com/admin/admin/index',
  'accept' => 'text/html,application/xhtml+xml,application/xml;q=0.9,image/webp,*/*;q=0.8',
  'user-agent' => 'Mozilla/5.0 (Windows NT 6.1; WOW64) AppleWebKit/537.36 (KHTML, like Gecko) Chrome/53.0.2785.104 Safari/537.36 Core/1.53.4295.400 QQBrowser/9.7.12661.400',
  'upgrade-insecure-requests' => '1',
  'connection' => 'close',
  'host' => 'www.shengxian.com',
)
[ info ] [ PARAM ] array (
  '/admin/banner/banner_list_html' => '',
)
[ info ] [ SESSION ] INIT array (
  'id' => '',
  'var_session_id' => '',
  'prefix' => 'think',
  'type' => '',
  'auto_start' => true,
)
[ info ] [ RUN ] app\admin\controller\Banner->banner_list[ D:\phpStudy\WWW\my\shengxian\application\admin\controller\Banner.php ]
[ info ] [ DB ] INIT mysql
[ info ] [ VIEW ] D:\phpStudy\WWW\my\shengxian\public/../application/admin\view\banner\banner_list.html [ array (
  0 => 'banner',
) ]
[ info ] [ LOG ] INIT File
[ sql ] [ DB ] CONNECT:[ UseTime:0.021001s ] mysql:dbname=shengxian;host=61.152.175.76;charset=utf8
[ sql ] [ SQL ] SHOW COLUMNS FROM `sx_banner` [ RunTime:0.010001s ]
[ sql ] [ SQL ] SELECT * FROM `sx_banner` WHERE  (  1=1 ) [ RunTime:0.010000s ]
---------------------------------------------------------------
[ 2017-11-24T08:48:04+08:00 ] 127.0.0.1 127.0.0.1 GET /admin/shipping/shipping_area.html
[ info ] www.shengxian.com/admin/shipping/shipping_area.html [运行时间：0.124007s][吞吐率：8.06req/s] [内存消耗：1,984.66kb] [文件加载：53]
[ info ] [ LANG ] D:\phpStudy\WWW\my\shengxian\thinkphp\lang\zh-cn.php
[ info ] [ ROUTE ] array (
  'type' => 'module',
  'module' => 
  array (
    0 => 'admin',
    1 => 'shipping',
    2 => 'shipping_area',
  ),
)
[ info ] [ HEADER ] array (
  'cookie' => 'PHPSESSID=cv5jv1r243htin3ariht82q9r1',
  'accept-language' => 'zh-CN,zh;q=0.8',
  'accept-encoding' => 'gzip, deflate, sdch',
  'referer' => 'http://www.shengxian.com/admin/admin/index',
  'accept' => 'text/html,application/xhtml+xml,application/xml;q=0.9,image/webp,*/*;q=0.8',
  'user-agent' => 'Mozilla/5.0 (Windows NT 6.1; WOW64) AppleWebKit/537.36 (KHTML, like Gecko) Chrome/53.0.2785.104 Safari/537.36 Core/1.53.4295.400 QQBrowser/9.7.12661.400',
  'upgrade-insecure-requests' => '1',
  'connection' => 'close',
  'host' => 'www.shengxian.com',
)
[ info ] [ PARAM ] array (
  '/admin/shipping/shipping_area_html' => '',
)
[ info ] [ SESSION ] INIT array (
  'id' => '',
  'var_session_id' => '',
  'prefix' => 'think',
  'type' => '',
  'auto_start' => true,
)
[ info ] [ RUN ] app\admin\controller\Shipping->shipping_area[ D:\phpStudy\WWW\my\shengxian\application\admin\controller\Shipping.php ]
[ info ] [ DB ] INIT mysql
[ info ] [ VIEW ] D:\phpStudy\WWW\my\shengxian\public/../application/admin\view\shipping\shipping_area.html [ array (
  0 => 'province',
) ]
[ info ] [ LOG ] INIT File
[ sql ] [ DB ] CONNECT:[ UseTime:0.023001s ] mysql:dbname=shengxian;host=61.152.175.76;charset=utf8
[ sql ] [ SQL ] SHOW COLUMNS FROM `sx_china` [ RunTime:0.010000s ]
[ sql ] [ SQL ] SELECT * FROM `sx_china` [ RunTime:0.051003s ]
[ sql ] [ SQL ] SELECT * FROM `sx_china` WHERE  (  pid = 0 ) [ RunTime:0.009001s ]
---------------------------------------------------------------
[ 2017-11-24T10:47:40+08:00 ] 127.0.0.1 127.0.0.1 GET /
[ info ] www.shengxian.com/ [运行时间：0.298017s][吞吐率：3.36req/s] [内存消耗：2,058.98kb] [文件加载：54]
[ info ] [ LANG ] D:\phpStudy\WWW\my\shengxian\thinkphp\lang\zh-cn.php
[ info ] [ ROUTE ] array (
  'type' => 'module',
  'module' => 
  array (
    0 => '',
    1 => NULL,
    2 => NULL,
  ),
)
[ info ] [ HEADER ] array (
  'cookie' => 'PHPSESSID=cv5jv1r243htin3ariht82q9r1',
  'accept-language' => 'zh-CN,zh;q=0.8',
  'accept-encoding' => 'gzip, deflate, sdch',
  'accept' => 'text/html,application/xhtml+xml,application/xml;q=0.9,image/webp,*/*;q=0.8',
  'user-agent' => 'Mozilla/5.0 (Windows NT 6.1; WOW64) AppleWebKit/537.36 (KHTML, like Gecko) Chrome/53.0.2785.104 Safari/537.36 Core/1.53.4295.400 QQBrowser/9.7.12661.400',
  'upgrade-insecure-requests' => '1',
  'cache-control' => 'max-age=0',
  'connection' => 'keep-alive',
  'host' => 'www.shengxian.com',
  'content-length' => '',
  'content-type' => '',
)
[ info ] [ PARAM ] array (
)
[ info ] [ SESSION ] INIT array (
  'id' => '',
  'var_session_id' => '',
  'prefix' => 'think',
  'type' => '',
  'auto_start' => true,
)
[ info ] [ RUN ] app\admin\controller\Admin->index[ D:\phpStudy\WWW\my\shengxian\application\admin\controller\Admin.php ]
[ info ] [ DB ] INIT mysql
[ info ] [ VIEW ] D:\phpStudy\WWW\my\shengxian\public/../application/admin\view\admin\index.html [ array (
  0 => 'list',
) ]
[ info ] [ LOG ] INIT File
[ sql ] [ DB ] CONNECT:[ UseTime:0.016001s ] mysql:dbname=shengxian;host=61.152.175.76;charset=utf8
[ sql ] [ SQL ] SHOW COLUMNS FROM `sx_admin_left` [ RunTime:0.010000s ]
[ sql ] [ SQL ] SELECT * FROM `sx_admin_left` `a` INNER JOIN `sx_role_left` `b` ON `b`.`left_id`=`a`.`id` INNER JOIN `sx_admin_role` `c` ON `b`.`role_id`=`c`.`role_id` WHERE  (  pid = 0 and is_show = 1 and c.role_id = 1 ) ORDER BY sort asc [ RunTime:0.018001s ]
[ sql ] [ SQL ] SELECT * FROM `sx_admin_left` WHERE  (  pid = 1 and is_show = 1 ) [ RunTime:0.010001s ]
[ sql ] [ SQL ] SELECT * FROM `sx_admin_left` WHERE  (  pid = 4 and is_show = 1 ) [ RunTime:0.012001s ]
[ sql ] [ SQL ] SELECT * FROM `sx_admin_left` WHERE  (  pid = 6 and is_show = 1 ) [ RunTime:0.011000s ]
[ sql ] [ SQL ] SELECT * FROM `sx_admin_left` WHERE  (  pid = 9 and is_show = 1 ) [ RunTime:0.012001s ]
[ sql ] [ SQL ] SELECT * FROM `sx_admin_left` WHERE  (  pid = 13 and is_show = 1 ) [ RunTime:0.012001s ]
[ sql ] [ SQL ] SELECT * FROM `sx_admin_left` WHERE  (  pid = 16 and is_show = 1 ) [ RunTime:0.012000s ]
[ sql ] [ SQL ] SELECT * FROM `sx_admin_left` WHERE  (  pid = 19 and is_show = 1 ) [ RunTime:0.011001s ]
---------------------------------------------------------------
[ 2017-11-24T11:32:00+08:00 ] 127.0.0.1 127.0.0.1 GET /
[ info ] www.shengxian.com/ [运行时间：0.100006s][吞吐率：10.00req/s] [内存消耗：1,460.11kb] [文件加载：48]
[ info ] [ LANG ] D:\phpStudy\WWW\my\shengxian\thinkphp\lang\zh-cn.php
[ info ] [ ROUTE ] array (
  'type' => 'module',
  'module' => 
  array (
    0 => '',
    1 => NULL,
    2 => NULL,
  ),
)
[ info ] [ HEADER ] array (
  'accept-language' => 'zh-CN,zh;q=0.8',
  'accept-encoding' => 'gzip, deflate, sdch',
  'accept' => 'text/html,application/xhtml+xml,application/xml;q=0.9,image/webp,*/*;q=0.8',
  'user-agent' => 'Mozilla/5.0 (Windows NT 6.1; WOW64) AppleWebKit/537.36 (KHTML, like Gecko) Chrome/53.0.2785.104 Safari/537.36 Core/1.53.4295.400 QQBrowser/9.7.12661.400',
  'upgrade-insecure-requests' => '1',
  'cache-control' => 'max-age=0',
  'connection' => 'keep-alive',
  'host' => 'www.shengxian.com',
  'content-length' => '',
  'content-type' => '',
)
[ info ] [ PARAM ] array (
)
[ info ] [ SESSION ] INIT array (
  'id' => '',
  'var_session_id' => '',
  'prefix' => 'think',
  'type' => '',
  'auto_start' => true,
)
[ info ] [ LOG ] INIT File
---------------------------------------------------------------
[ 2017-11-24T11:46:52+08:00 ] 127.0.0.1 127.0.0.1 GET /admin/users/login.html
[ info ] www.shengxian.com/admin/users/login.html [运行时间：0.051003s][吞吐率：19.61req/s] [内存消耗：1,378.63kb] [文件加载：46]
[ info ] [ LANG ] D:\phpStudy\WWW\my\shengxian\thinkphp\lang\zh-cn.php
[ info ] [ ROUTE ] array (
  'type' => 'module',
  'module' => 
  array (
    0 => 'admin',
    1 => 'users',
    2 => 'login',
  ),
)
[ info ] [ HEADER ] array (
  'cookie' => 'PHPSESSID=n5co7gug6cgilfefnqiq16tju7',
  'accept-language' => 'zh-CN,zh;q=0.8',
  'accept-encoding' => 'gzip, deflate, sdch',
  'accept' => 'text/html,application/xhtml+xml,application/xml;q=0.9,image/webp,*/*;q=0.8',
  'user-agent' => 'Mozilla/5.0 (Windows NT 6.1; WOW64) AppleWebKit/537.36 (KHTML, like Gecko) Chrome/53.0.2785.104 Safari/537.36 Core/1.53.4295.400 QQBrowser/9.7.12661.400',
  'upgrade-insecure-requests' => '1',
  'cache-control' => 'max-age=0',
  'connection' => 'close',
  'host' => 'www.shengxian.com',
)
[ info ] [ PARAM ] array (
  '/admin/users/login_html' => '',
)
[ info ] [ SESSION ] INIT array (
  'id' => '',
  'var_session_id' => '',
  'prefix' => 'think',
  'type' => '',
  'auto_start' => true,
)
[ info ] [ RUN ] app\admin\controller\Users->login[ D:\phpStudy\WWW\my\shengxian\application\admin\controller\Users.php ]
[ info ] [ VIEW ] D:\phpStudy\WWW\my\shengxian\public/../application/admin\view\users\login.html [ array (
) ]
[ info ] [ LOG ] INIT File
---------------------------------------------------------------
[ 2017-11-24T11:46:52+08:00 ] 127.0.0.1 127.0.0.1 GET /admin/users/doimg
[ info ] www.shengxian.com/admin/users/doimg [运行时间：0.164009s][吞吐率：6.10req/s] [内存消耗：1,393.74kb] [文件加载：46]
[ info ] [ LANG ] D:\phpStudy\WWW\my\shengxian\thinkphp\lang\zh-cn.php
[ info ] [ ROUTE ] array (
  'type' => 'module',
  'module' => 
  array (
    0 => 'admin',
    1 => 'users',
    2 => 'doimg',
  ),
)
[ info ] [ HEADER ] array (
  'cookie' => 'PHPSESSID=n5co7gug6cgilfefnqiq16tju7',
  'accept-language' => 'zh-CN,zh;q=0.8',
  'accept-encoding' => 'gzip, deflate, sdch',
  'referer' => 'http://www.shengxian.com/admin/users/login.html',
  'accept' => 'image/webp,image/*,*/*;q=0.8',
  'user-agent' => 'Mozilla/5.0 (Windows NT 6.1; WOW64) AppleWebKit/537.36 (KHTML, like Gecko) Chrome/53.0.2785.104 Safari/537.36 Core/1.53.4295.400 QQBrowser/9.7.12661.400',
  'connection' => 'close',
  'host' => 'www.shengxian.com',
)
[ info ] [ PARAM ] array (
  '/admin/users/doimg' => '',
)
[ info ] [ SESSION ] INIT array (
  'id' => '',
  'var_session_id' => '',
  'prefix' => 'think',
  'type' => '',
  'auto_start' => true,
)
[ info ] [ RUN ] app\admin\controller\Users->doimg[ D:\phpStudy\WWW\my\shengxian\application\admin\controller\Users.php ]
[ info ] [ LOG ] INIT File
---------------------------------------------------------------
[ 2017-11-24T13:21:25+08:00 ] 127.0.0.1 127.0.0.1 GET /admin/users/login.html
[ info ] www.shengxian.com/admin/users/login.html [运行时间：0.040002s][吞吐率：25.00req/s] [内存消耗：1,378.93kb] [文件加载：46]
[ info ] [ LANG ] D:\phpStudy\WWW\my\shengxian\thinkphp\lang\zh-cn.php
[ info ] [ ROUTE ] array (
  'type' => 'module',
  'module' => 
  array (
    0 => 'admin',
    1 => 'users',
    2 => 'login',
  ),
)
[ info ] [ HEADER ] array (
  'cookie' => 'PHPSESSID=n5co7gug6cgilfefnqiq16tju7',
  'accept-language' => 'zh-CN,zh;q=0.8',
  'accept-encoding' => 'gzip, deflate, sdch',
  'accept' => 'text/html,application/xhtml+xml,application/xml;q=0.9,image/webp,*/*;q=0.8',
  'user-agent' => 'Mozilla/5.0 (Windows NT 6.1; WOW64) AppleWebKit/537.36 (KHTML, like Gecko) Chrome/53.0.2785.104 Safari/537.36 Core/1.53.4295.400 QQBrowser/9.7.12661.400',
  'upgrade-insecure-requests' => '1',
  'cache-control' => 'max-age=0',
  'connection' => 'close',
  'host' => 'www.shengxian.com',
)
[ info ] [ PARAM ] array (
  '/admin/users/login_html' => '',
)
[ info ] [ SESSION ] INIT array (
  'id' => '',
  'var_session_id' => '',
  'prefix' => 'think',
  'type' => '',
  'auto_start' => true,
)
[ info ] [ RUN ] app\admin\controller\Users->login[ D:\phpStudy\WWW\my\shengxian\application\admin\controller\Users.php ]
[ info ] [ VIEW ] D:\phpStudy\WWW\my\shengxian\public/../application/admin\view\users\login.html [ array (
) ]
[ info ] [ LOG ] INIT File
---------------------------------------------------------------
[ 2017-11-24T13:21:26+08:00 ] 127.0.0.1 127.0.0.1 GET /admin/users/doimg
[ info ] www.shengxian.com/admin/users/doimg [运行时间：0.063004s][吞吐率：15.87req/s] [内存消耗：1,393.74kb] [文件加载：46]
[ info ] [ LANG ] D:\phpStudy\WWW\my\shengxian\thinkphp\lang\zh-cn.php
[ info ] [ ROUTE ] array (
  'type' => 'module',
  'module' => 
  array (
    0 => 'admin',
    1 => 'users',
    2 => 'doimg',
  ),
)
[ info ] [ HEADER ] array (
  'cookie' => 'PHPSESSID=n5co7gug6cgilfefnqiq16tju7',
  'accept-language' => 'zh-CN,zh;q=0.8',
  'accept-encoding' => 'gzip, deflate, sdch',
  'referer' => 'http://www.shengxian.com/admin/users/login.html',
  'accept' => 'image/webp,image/*,*/*;q=0.8',
  'user-agent' => 'Mozilla/5.0 (Windows NT 6.1; WOW64) AppleWebKit/537.36 (KHTML, like Gecko) Chrome/53.0.2785.104 Safari/537.36 Core/1.53.4295.400 QQBrowser/9.7.12661.400',
  'connection' => 'close',
  'host' => 'www.shengxian.com',
)
[ info ] [ PARAM ] array (
  '/admin/users/doimg' => '',
)
[ info ] [ SESSION ] INIT array (
  'id' => '',
  'var_session_id' => '',
  'prefix' => 'think',
  'type' => '',
  'auto_start' => true,
)
[ info ] [ RUN ] app\admin\controller\Users->doimg[ D:\phpStudy\WWW\my\shengxian\application\admin\controller\Users.php ]
[ info ] [ LOG ] INIT File
---------------------------------------------------------------
[ 2017-11-24T13:21:39+08:00 ] 127.0.0.1 127.0.0.1 POST /admin/users/login.html
[ info ] www.shengxian.com/admin/users/login.html [运行时间：6.728385s][吞吐率：0.15req/s] [内存消耗：2,047.15kb] [文件加载：57]
[ info ] [ LANG ] D:\phpStudy\WWW\my\shengxian\thinkphp\lang\zh-cn.php
[ info ] [ ROUTE ] array (
  'type' => 'module',
  'module' => 
  array (
    0 => 'admin',
    1 => 'users',
    2 => 'login',
  ),
)
[ info ] [ HEADER ] array (
  'cookie' => 'PHPSESSID=n5co7gug6cgilfefnqiq16tju7',
  'accept-language' => 'zh-CN,zh;q=0.8',
  'accept-encoding' => 'gzip, deflate',
  'referer' => 'http://www.shengxian.com/admin/users/login.html',
  'accept' => 'text/html,application/xhtml+xml,application/xml;q=0.9,image/webp,*/*;q=0.8',
  'content-type' => 'application/x-www-form-urlencoded',
  'user-agent' => 'Mozilla/5.0 (Windows NT 6.1; WOW64) AppleWebKit/537.36 (KHTML, like Gecko) Chrome/53.0.2785.104 Safari/537.36 Core/1.53.4295.400 QQBrowser/9.7.12661.400',
  'upgrade-insecure-requests' => '1',
  'origin' => 'http://www.shengxian.com',
  'cache-control' => 'max-age=0',
  'content-length' => '36',
  'connection' => 'close',
  'host' => 'www.shengxian.com',
)
[ info ] [ PARAM ] array (
  '/admin/users/login_html' => '',
  'name' => 'admin',
  'password' => '123456',
  'code' => 'adck',
)
[ info ] [ SESSION ] INIT array (
  'id' => '',
  'var_session_id' => '',
  'prefix' => 'think',
  'type' => '',
  'auto_start' => true,
)
[ info ] [ RUN ] app\admin\controller\Users->login[ D:\phpStudy\WWW\my\shengxian\application\admin\controller\Users.php ]
[ info ] [ DB ] INIT mysql
[ info ] [ CACHE ] INIT File
[ info ] [ VIEW ] D:\phpStudy\WWW\my\shengxian\public/../application/admin\view/tips.html [ array (
  0 => 'code',
  1 => 'msg',
  2 => 'data',
  3 => 'url',
  4 => 'wait',
) ]
[ info ] [ LOG ] INIT File
[ sql ] [ DB ] CONNECT:[ UseTime:3.020173s ] mysql:dbname=shengxian;host=61.152.175.76;charset=utf8
[ sql ] [ SQL ] SHOW COLUMNS FROM `sx_admin` [ RunTime:0.012001s ]
[ sql ] [ SQL ] SELECT * FROM `sx_admin` WHERE  `username` = 'admin'  AND `password` = 'e10adc3949ba59abbe56e057f20f883e' LIMIT 1 [ RunTime:3.059175s ]
[ sql ] [ SQL ] UPDATE `sx_admin`  SET `login_time`='1511500898'  WHERE  `admin_id` = 1 [ RunTime:0.110006s ]
[ sql ] [ SQL ] SHOW COLUMNS FROM `sx_admin_log` [ RunTime:0.314018s ]
[ sql ] [ SQL ] INSERT INTO `sx_admin_log` (`admin_id` , `log_info` , `log_ip` , `log_url` , `log_time`) VALUES (1 , '登录' , '127.0.0.1' , 'http://www.shengxian.com/admin/users/login.html' , '1511500898') [ RunTime:0.109006s ]
---------------------------------------------------------------
[ 2017-11-24T13:21:43+08:00 ] 127.0.0.1 127.0.0.1 GET /admin/admin/index
[ info ] www.shengxian.com/admin/admin/index [运行时间：1.208069s][吞吐率：0.83req/s] [内存消耗：2,062.23kb] [文件加载：54]
[ info ] [ LANG ] D:\phpStudy\WWW\my\shengxian\thinkphp\lang\zh-cn.php
[ info ] [ ROUTE ] array (
  'type' => 'module',
  'module' => 
  array (
    0 => 'admin',
    1 => 'admin',
    2 => 'index',
  ),
)
[ info ] [ HEADER ] array (
  'cookie' => 'PHPSESSID=n5co7gug6cgilfefnqiq16tju7',
  'accept-language' => 'zh-CN,zh;q=0.8',
  'accept-encoding' => 'gzip, deflate, sdch',
  'referer' => 'http://www.shengxian.com/admin/users/login.html',
  'accept' => 'text/html,application/xhtml+xml,application/xml;q=0.9,image/webp,*/*;q=0.8',
  'user-agent' => 'Mozilla/5.0 (Windows NT 6.1; WOW64) AppleWebKit/537.36 (KHTML, like Gecko) Chrome/53.0.2785.104 Safari/537.36 Core/1.53.4295.400 QQBrowser/9.7.12661.400',
  'upgrade-insecure-requests' => '1',
  'connection' => 'close',
  'host' => 'www.shengxian.com',
)
[ info ] [ PARAM ] array (
  '/admin/admin/index' => '',
)
[ info ] [ SESSION ] INIT array (
  'id' => '',
  'var_session_id' => '',
  'prefix' => 'think',
  'type' => '',
  'auto_start' => true,
)
[ info ] [ RUN ] app\admin\controller\Admin->index[ D:\phpStudy\WWW\my\shengxian\application\admin\controller\Admin.php ]
[ info ] [ DB ] INIT mysql
[ info ] [ VIEW ] D:\phpStudy\WWW\my\shengxian\public/../application/admin\view\admin\index.html [ array (
  0 => 'list',
) ]
[ info ] [ LOG ] INIT File
[ sql ] [ DB ] CONNECT:[ UseTime:1.014058s ] mysql:dbname=shengxian;host=61.152.175.76;charset=utf8
[ sql ] [ SQL ] SHOW COLUMNS FROM `sx_admin_left` [ RunTime:0.012000s ]
[ sql ] [ SQL ] SELECT * FROM `sx_admin_left` `a` INNER JOIN `sx_role_left` `b` ON `b`.`left_id`=`a`.`id` INNER JOIN `sx_admin_role` `c` ON `b`.`role_id`=`c`.`role_id` WHERE  (  pid = 0 and is_show = 1 and c.role_id = 1 ) ORDER BY sort asc [ RunTime:0.020001s ]
[ sql ] [ SQL ] SELECT * FROM `sx_admin_left` WHERE  (  pid = 1 and is_show = 1 ) [ RunTime:0.015001s ]
[ sql ] [ SQL ] SELECT * FROM `sx_admin_left` WHERE  (  pid = 4 and is_show = 1 ) [ RunTime:0.016001s ]
[ sql ] [ SQL ] SELECT * FROM `sx_admin_left` WHERE  (  pid = 6 and is_show = 1 ) [ RunTime:0.013001s ]
[ sql ] [ SQL ] SELECT * FROM `sx_admin_left` WHERE  (  pid = 9 and is_show = 1 ) [ RunTime:0.014001s ]
[ sql ] [ SQL ] SELECT * FROM `sx_admin_left` WHERE  (  pid = 13 and is_show = 1 ) [ RunTime:0.016001s ]
[ sql ] [ SQL ] SELECT * FROM `sx_admin_left` WHERE  (  pid = 16 and is_show = 1 ) [ RunTime:0.019001s ]
[ sql ] [ SQL ] SELECT * FROM `sx_admin_left` WHERE  (  pid = 19 and is_show = 1 ) [ RunTime:0.018001s ]
---------------------------------------------------------------
[ 2017-11-24T13:21:43+08:00 ] 127.0.0.1 127.0.0.1 GET /admin/admin/right.html
[ info ] www.shengxian.com/admin/admin/right.html [运行时间：0.266015s][吞吐率：3.76req/s] [内存消耗：2,019.59kb] [文件加载：53]
[ info ] [ LANG ] D:\phpStudy\WWW\my\shengxian\thinkphp\lang\zh-cn.php
[ info ] [ ROUTE ] array (
  'type' => 'module',
  'module' => 
  array (
    0 => 'admin',
    1 => 'admin',
    2 => 'right',
  ),
)
[ info ] [ HEADER ] array (
  'cookie' => 'PHPSESSID=n5co7gug6cgilfefnqiq16tju7',
  'accept-language' => 'zh-CN,zh;q=0.8',
  'accept-encoding' => 'gzip, deflate, sdch',
  'referer' => 'http://www.shengxian.com/admin/admin/index',
  'accept' => 'text/html,application/xhtml+xml,application/xml;q=0.9,image/webp,*/*;q=0.8',
  'user-agent' => 'Mozilla/5.0 (Windows NT 6.1; WOW64) AppleWebKit/537.36 (KHTML, like Gecko) Chrome/53.0.2785.104 Safari/537.36 Core/1.53.4295.400 QQBrowser/9.7.12661.400',
  'upgrade-insecure-requests' => '1',
  'connection' => 'close',
  'host' => 'www.shengxian.com',
)
[ info ] [ PARAM ] array (
  '/admin/admin/right_html' => '',
)
[ info ] [ SESSION ] INIT array (
  'id' => '',
  'var_session_id' => '',
  'prefix' => 'think',
  'type' => '',
  'auto_start' => true,
)
[ info ] [ RUN ] app\admin\controller\Admin->right[ D:\phpStudy\WWW\my\shengxian\application\admin\controller\Admin.php ]
[ info ] [ DB ] INIT mysql
[ info ] [ VIEW ] D:\phpStudy\WWW\my\shengxian\public/../application/admin\view\admin\right.html [ array (
  0 => 'info',
) ]
[ info ] [ LOG ] INIT File
[ sql ] [ DB ] CONNECT:[ UseTime:0.015001s ] mysql:dbname=shengxian;host=61.152.175.76;charset=utf8
[ sql ] [ SQL ] select VERSION() as version [ RunTime:0.009000s ]
[ sql ] [ SQL ] SHOW COLUMNS FROM `sx_admin` [ RunTime:0.012001s ]
[ sql ] [ SQL ] SELECT * FROM `sx_admin` `a` INNER JOIN `sx_admin_role` `b` ON `a`.`role_id`=`b`.`role_id` WHERE  (  admin_id =1 ) LIMIT 1 [ RunTime:0.012001s ]
[ sql ] [ SQL ] SHOW COLUMNS FROM `sx_goods` [ RunTime:0.010000s ]
[ sql ] [ SQL ] SELECT COUNT(*) AS tp_count FROM `sx_goods` LIMIT 1 [ RunTime:0.010001s ]
[ sql ] [ SQL ] SHOW COLUMNS FROM `sx_order` [ RunTime:0.013001s ]
[ sql ] [ SQL ] SELECT COUNT(*) AS tp_count FROM `sx_order` LIMIT 1 [ RunTime:0.010000s ]
[ sql ] [ SQL ] SHOW COLUMNS FROM `sx_users` [ RunTime:0.017001s ]
[ sql ] [ SQL ] SELECT COUNT(*) AS tp_count FROM `sx_users` LIMIT 1 [ RunTime:0.009001s ]
[ sql ] [ SQL ] SELECT COUNT(*) AS tp_count FROM `sx_users` WHERE  (  add_time between '1511452800' and '1511500903' ) LIMIT 1 [ RunTime:0.011000s ]
[ sql ] [ SQL ] SELECT * FROM `sx_order` WHERE  (  order_status = 2 ) [ RunTime:0.020001s ]
[ sql ] [ SQL ] SELECT COUNT(*) AS tp_count FROM `sx_goods` WHERE  (  is_recommend = 1 ) LIMIT 1 [ RunTime:0.015001s ]
[ sql ] [ SQL ] SELECT COUNT(*) AS tp_count FROM `sx_order` WHERE  (  order_status = 2 ) LIMIT 1 [ RunTime:0.012000s ]
[ sql ] [ SQL ] SHOW COLUMNS FROM `sx_goods_category` [ RunTime:0.011001s ]
[ sql ] [ SQL ] SELECT COUNT(*) AS tp_count FROM `sx_goods_category` WHERE  (  is_show = 1 ) LIMIT 1 [ RunTime:0.010001s ]
---------------------------------------------------------------
[ 2017-11-24T13:21:45+08:00 ] 127.0.0.1 127.0.0.1 POST /admin/admin/tixing
[ info ] www.shengxian.com/admin/admin/tixing [运行时间：0.175010s][吞吐率：5.71req/s] [内存消耗：2,008.25kb] [文件加载：53]
[ info ] [ LANG ] D:\phpStudy\WWW\my\shengxian\thinkphp\lang\zh-cn.php
[ info ] [ ROUTE ] array (
  'type' => 'module',
  'module' => 
  array (
    0 => 'admin',
    1 => 'admin',
    2 => 'tixing',
  ),
)
[ info ] [ HEADER ] array (
  'cookie' => 'PHPSESSID=n5co7gug6cgilfefnqiq16tju7',
  'accept-language' => 'zh-CN,zh;q=0.8',
  'accept-encoding' => 'gzip, deflate',
  'referer' => 'http://www.shengxian.com/admin/admin/index',
  'content-type' => 'application/x-www-form-urlencoded; charset=UTF-8',
  'user-agent' => 'Mozilla/5.0 (Windows NT 6.1; WOW64) AppleWebKit/537.36 (KHTML, like Gecko) Chrome/53.0.2785.104 Safari/537.36 Core/1.53.4295.400 QQBrowser/9.7.12661.400',
  'x-requested-with' => 'XMLHttpRequest',
  'origin' => 'http://www.shengxian.com',
  'accept' => '*/*',
  'content-length' => '10',
  'connection' => 'close',
  'host' => 'www.shengxian.com',
)
[ info ] [ PARAM ] array (
  '/admin/admin/tixing' => '',
  'admin_id' => '1',
)
[ info ] [ SESSION ] INIT array (
  'id' => '',
  'var_session_id' => '',
  'prefix' => 'think',
  'type' => '',
  'auto_start' => true,
)
[ info ] [ RUN ] app\admin\controller\Admin->tixing[ D:\phpStudy\WWW\my\shengxian\application\admin\controller\Admin.php ]
[ info ] [ DB ] INIT mysql
[ info ] [ LOG ] INIT File
[ sql ] [ DB ] CONNECT:[ UseTime:0.015001s ] mysql:dbname=shengxian;host=61.152.175.76;charset=utf8
[ sql ] [ SQL ] SHOW COLUMNS FROM `sx_goods_category` [ RunTime:0.014001s ]
[ sql ] [ SQL ] SELECT COUNT(*) AS tp_count FROM `sx_goods_category` WHERE  (  is_show = 1 ) LIMIT 1 [ RunTime:0.016001s ]
[ sql ] [ SQL ] SHOW COLUMNS FROM `sx_goods` [ RunTime:0.018001s ]
[ sql ] [ SQL ] SELECT COUNT(*) AS tp_count FROM `sx_goods` WHERE  (  is_recommend = 1 ) LIMIT 1 [ RunTime:0.017001s ]
[ sql ] [ SQL ] SHOW COLUMNS FROM `sx_order` [ RunTime:0.015001s ]
[ sql ] [ SQL ] SELECT COUNT(*) AS tp_count FROM `sx_order` WHERE  (  order_status = 2 ) LIMIT 1 [ RunTime:0.016001s ]
---------------------------------------------------------------
[ 2017-11-24T13:22:30+08:00 ] 127.0.0.1 127.0.0.1 GET /admin/admin/admin_list.html
[ info ] www.shengxian.com/admin/admin/admin_list.html [运行时间：0.162010s][吞吐率：6.17req/s] [内存消耗：2,134.55kb] [文件加载：57]
[ info ] [ LANG ] D:\phpStudy\WWW\my\shengxian\thinkphp\lang\zh-cn.php
[ info ] [ ROUTE ] array (
  'type' => 'module',
  'module' => 
  array (
    0 => 'admin',
    1 => 'admin',
    2 => 'admin_list',
  ),
)
[ info ] [ HEADER ] array (
  'cookie' => 'PHPSESSID=n5co7gug6cgilfefnqiq16tju7',
  'accept-language' => 'zh-CN,zh;q=0.8',
  'accept-encoding' => 'gzip, deflate, sdch',
  'referer' => 'http://www.shengxian.com/admin/admin/index',
  'accept' => 'text/html,application/xhtml+xml,application/xml;q=0.9,image/webp,*/*;q=0.8',
  'user-agent' => 'Mozilla/5.0 (Windows NT 6.1; WOW64) AppleWebKit/537.36 (KHTML, like Gecko) Chrome/53.0.2785.104 Safari/537.36 Core/1.53.4295.400 QQBrowser/9.7.12661.400',
  'upgrade-insecure-requests' => '1',
  'connection' => 'close',
  'host' => 'www.shengxian.com',
)
[ info ] [ PARAM ] array (
  '/admin/admin/admin_list_html' => '',
)
[ info ] [ SESSION ] INIT array (
  'id' => '',
  'var_session_id' => '',
  'prefix' => 'think',
  'type' => '',
  'auto_start' => true,
)
[ info ] [ RUN ] app\admin\controller\Admin->admin_list[ D:\phpStudy\WWW\my\shengxian\application\admin\controller\Admin.php ]
[ info ] [ DB ] INIT mysql
[ info ] [ VIEW ] D:\phpStudy\WWW\my\shengxian\public/../application/admin\view\admin\admin_list.html [ array (
  0 => 'page',
  1 => 'admin',
) ]
[ info ] [ LOG ] INIT File
[ sql ] [ DB ] CONNECT:[ UseTime:0.019002s ] mysql:dbname=shengxian;host=61.152.175.76;charset=utf8
[ sql ] [ SQL ] SHOW COLUMNS FROM `sx_admin` [ RunTime:0.012000s ]
[ sql ] [ SQL ] SELECT COUNT(*) AS tp_count FROM `sx_admin` `a` INNER JOIN `sx_admin_role` `b` ON `a`.`role_id`=`b`.`role_id` LIMIT 1 [ RunTime:0.016001s ]
[ sql ] [ SQL ] SELECT `a`.`admin_id`,`a`.`username`,`a`.`nickname`,`b`.`role_name`,`a`.`login_time` FROM `sx_admin` `a` INNER JOIN `sx_admin_role` `b` ON `a`.`role_id`=`b`.`role_id` LIMIT 0,10 [ RunTime:0.019001s ]
---------------------------------------------------------------
[ 2017-11-24T13:22:31+08:00 ] 127.0.0.1 127.0.0.1 GET /admin/Users/user_list.html
[ info ] www.shengxian.com/admin/Users/user_list.html [运行时间：0.154009s][吞吐率：6.49req/s] [内存消耗：2,247.17kb] [文件加载：59]
[ info ] [ LANG ] D:\phpStudy\WWW\my\shengxian\thinkphp\lang\zh-cn.php
[ info ] [ ROUTE ] array (
  'type' => 'module',
  'module' => 
  array (
    0 => 'admin',
    1 => 'Users',
    2 => 'user_list',
  ),
)
[ info ] [ HEADER ] array (
  'cookie' => 'PHPSESSID=n5co7gug6cgilfefnqiq16tju7',
  'accept-language' => 'zh-CN,zh;q=0.8',
  'accept-encoding' => 'gzip, deflate, sdch',
  'referer' => 'http://www.shengxian.com/admin/admin/index',
  'accept' => 'text/html,application/xhtml+xml,application/xml;q=0.9,image/webp,*/*;q=0.8',
  'user-agent' => 'Mozilla/5.0 (Windows NT 6.1; WOW64) AppleWebKit/537.36 (KHTML, like Gecko) Chrome/53.0.2785.104 Safari/537.36 Core/1.53.4295.400 QQBrowser/9.7.12661.400',
  'upgrade-insecure-requests' => '1',
  'connection' => 'close',
  'host' => 'www.shengxian.com',
)
[ info ] [ PARAM ] array (
  '/admin/Users/user_list_html' => '',
)
[ info ] [ SESSION ] INIT array (
  'id' => '',
  'var_session_id' => '',
  'prefix' => 'think',
  'type' => '',
  'auto_start' => true,
)
[ info ] [ RUN ] app\admin\controller\Users->user_list[ D:\phpStudy\WWW\my\shengxian\application\admin\controller\Users.php ]
[ info ] [ DB ] INIT mysql
[ info ] [ VIEW ] D:\phpStudy\WWW\my\shengxian\public/../application/admin\view\users\user_list.html [ array (
  0 => 'page',
  1 => 'list',
) ]
[ info ] [ LOG ] INIT File
[ sql ] [ DB ] CONNECT:[ UseTime:0.017001s ] mysql:dbname=shengxian;host=61.152.175.76;charset=utf8
[ sql ] [ SQL ] SHOW COLUMNS FROM `sx_users` [ RunTime:0.012001s ]
[ sql ] [ SQL ] SELECT COUNT(*) AS tp_count FROM `sx_users` LIMIT 1 [ RunTime:0.011001s ]
[ sql ] [ SQL ] SELECT * FROM `sx_users` LIMIT 0,10 [ RunTime:0.012000s ]
---------------------------------------------------------------
[ 2017-11-24T13:22:31+08:00 ] 127.0.0.1 127.0.0.1 GET /static/uploads/20171121/cedd9c25b430deb046fd790a420f1927.png
[ info ] www.shengxian.com/static/uploads/20171121/cedd9c25b430deb046fd790a420f1927.png [运行时间：0.076004s][吞吐率：13.16req/s] [内存消耗：1,148.88kb] [文件加载：40]
[ info ] [ LANG ] D:\phpStudy\WWW\my\shengxian\thinkphp\lang\zh-cn.php
[ info ] [ ROUTE ] array (
  'type' => 'module',
  'module' => 
  array (
    0 => 'static',
    1 => 'uploads',
    2 => '20171121',
  ),
)
[ info ] [ HEADER ] array (
  'cookie' => 'PHPSESSID=n5co7gug6cgilfefnqiq16tju7',
  'accept-language' => 'zh-CN,zh;q=0.8',
  'accept-encoding' => 'gzip, deflate, sdch',
  'referer' => 'http://www.shengxian.com/admin/Users/user_list.html',
  'accept' => 'image/webp,image/*,*/*;q=0.8',
  'user-agent' => 'Mozilla/5.0 (Windows NT 6.1; WOW64) AppleWebKit/537.36 (KHTML, like Gecko) Chrome/53.0.2785.104 Safari/537.36 Core/1.53.4295.400 QQBrowser/9.7.12661.400',
  'connection' => 'close',
  'host' => 'www.shengxian.com',
)
[ info ] [ PARAM ] array (
  '/static/uploads/20171121/cedd9c25b430deb046fd790a420f1927_png' => '',
)
[ info ] [ LOG ] INIT File
---------------------------------------------------------------
[ 2017-11-24T13:22:32+08:00 ] 127.0.0.1 127.0.0.1 GET /static/uploads/header/201711231132304483.png
[ info ] www.shengxian.com/static/uploads/header/201711231132304483.png [运行时间：0.028002s][吞吐率：35.71req/s] [内存消耗：1,148.81kb] [文件加载：40]
[ info ] [ LANG ] D:\phpStudy\WWW\my\shengxian\thinkphp\lang\zh-cn.php
[ info ] [ ROUTE ] array (
  'type' => 'module',
  'module' => 
  array (
    0 => 'static',
    1 => 'uploads',
    2 => 'header',
  ),
)
[ info ] [ HEADER ] array (
  'cookie' => 'PHPSESSID=n5co7gug6cgilfefnqiq16tju7',
  'accept-language' => 'zh-CN,zh;q=0.8',
  'accept-encoding' => 'gzip, deflate, sdch',
  'referer' => 'http://www.shengxian.com/admin/Users/user_list.html',
  'accept' => 'image/webp,image/*,*/*;q=0.8',
  'user-agent' => 'Mozilla/5.0 (Windows NT 6.1; WOW64) AppleWebKit/537.36 (KHTML, like Gecko) Chrome/53.0.2785.104 Safari/537.36 Core/1.53.4295.400 QQBrowser/9.7.12661.400',
  'connection' => 'close',
  'host' => 'www.shengxian.com',
)
[ info ] [ PARAM ] array (
  '/static/uploads/header/201711231132304483_png' => '',
)
[ info ] [ LOG ] INIT File
